Using pre-set license
Built from '2021.3/staging' branch; Version is '2021.3.3f1 (af2e63e8f9bd) revision 11480675'; Using compiler version '192829333'; Build Type 'Release'
OS: 'Windows 10  (10.0.19044) 64bit Professional' Language: 'zh' Physical Memory: 130775 MB
BatchMode: 1, IsHumanControllingUs: 0, StartBugReporterOnCrash: 0, Is64bit: 1, IsPro: 1

COMMAND LINE ARGUMENTS:
C:\Program Files\Unity\Hub\Editor\2021.3.3f1\Editor\Unity.exe
-adb2
-batchMode
-noUpm
-name
AssetImportWorker0
-projectPath
C:/Users/USER/Desktop/T2/unity_0818_3D_rio/unity_0818_3D_rio
-logFile
Logs/AssetImportWorker0.log
-srvPort
9358
Successfully changed project path to: C:/Users/USER/Desktop/T2/unity_0818_3D_rio/unity_0818_3D_rio
C:/Users/USER/Desktop/T2/unity_0818_3D_rio/unity_0818_3D_rio
[UnityMemory] Configuration Parameters - Can be set up in boot.config
    "memorysetup-bucket-allocator-granularity=16"
    "memorysetup-bucket-allocator-bucket-count=8"
    "memorysetup-bucket-allocator-block-size=33554432"
    "memorysetup-bucket-allocator-block-count=8"
    "memorysetup-main-allocator-block-size=16777216"
    "memorysetup-thread-allocator-block-size=16777216"
    "memorysetup-gfx-main-allocator-block-size=16777216"
    "memorysetup-gfx-thread-allocator-block-size=16777216"
    "memorysetup-cache-allocator-block-size=4194304"
    "memorysetup-typetree-allocator-block-size=2097152"
    "memorysetup-profiler-bucket-allocator-granularity=16"
    "memorysetup-profiler-bucket-allocator-bucket-count=8"
    "memorysetup-profiler-bucket-allocator-block-size=33554432"
    "memorysetup-profiler-bucket-allocator-block-count=8"
    "memorysetup-profiler-allocator-block-size=16777216"
    "memorysetup-profiler-editor-allocator-block-size=1048576"
    "memorysetup-temp-allocator-size-main=16777216"
    "memorysetup-job-temp-allocator-block-size=2097152"
    "memorysetup-job-temp-allocator-block-size-background=1048576"
    "memorysetup-job-temp-allocator-reduction-small-platforms=262144"
    "memorysetup-temp-allocator-size-background-worker=32768"
    "memorysetup-temp-allocator-size-job-worker=262144"
    "memorysetup-temp-allocator-size-preload-manager=33554432"
    "memorysetup-temp-allocator-size-nav-mesh-worker=65536"
    "memorysetup-temp-allocator-size-audio-worker=65536"
    "memorysetup-temp-allocator-size-cloud-worker=32768"
    "memorysetup-temp-allocator-size-gi-baking-worker=262144"
    "memorysetup-temp-allocator-size-gfx=262144"
Refreshing native plugins compatible for Editor in 101.33 ms, found 3 plugins.
Preloading 0 native plugins for Editor in 0.00 ms.
Initialize engine version: 2021.3.3f1 (af2e63e8f9bd)
[Subsystems] Discovering subsystems at path C:/Program Files/Unity/Hub/Editor/2021.3.3f1/Editor/Data/Resources/UnitySubsystems
[Subsystems] Discovering subsystems at path C:/Users/USER/Desktop/T2/unity_0818_3D_rio/unity_0818_3D_rio/Assets
GfxDevice: creating device client; threaded=0; jobified=0
Direct3D:
    Version:  Direct3D 11.0 [level 11.1]
    Renderer: NVIDIA Quadro P2200 (ID=0x1c31)
    Vendor:   NVIDIA
    VRAM:     5030 MB
    Driver:   30.0.14.7298
Initialize mono
Mono path[0] = 'C:/Program Files/Unity/Hub/Editor/2021.3.3f1/Editor/Data/Managed'
Mono path[1] = 'C:/Program Files/Unity/Hub/Editor/2021.3.3f1/Editor/Data/MonoBleedingEdge/lib/mono/unityjit-win32'
Mono config path = 'C:/Program Files/Unity/Hub/Editor/2021.3.3f1/Editor/Data/MonoBleedingEdge/etc'
Using monoOptions --debugger-agent=transport=dt_socket,embedding=1,server=y,suspend=n,address=127.0.0.1:56600
Begin MonoManager ReloadAssembly
Registering precompiled unity dll's ...
Register platform support module: C:/Program Files/Unity/Hub/Editor/2021.3.3f1/Editor/Data/PlaybackEngines/WebGLSupport/UnityEditor.WebGL.Extensions.dll
Register platform support module: C:/Program Files/Unity/Hub/Editor/2021.3.3f1/Editor/Data/PlaybackEngines/AndroidPlayer/UnityEditor.Android.Extensions.dll
Register platform support module: C:/Program Files/Unity/Hub/Editor/2021.3.3f1/Editor/Data/PlaybackEngines/WindowsStandaloneSupport/UnityEditor.WindowsStandalone.Extensions.dll
Registered in 0.007647 seconds.
Native extension for WindowsStandalone target not found
Native extension for Android target not found
Native extension for WebGL target not found
Refreshing native plugins compatible for Editor in 106.84 ms, found 3 plugins.
Preloading 0 native plugins for Editor in 0.00 ms.
Mono: successfully reloaded assembly
- Completed reload, in  0.823 seconds
Domain Reload Profiling:
	ReloadAssembly (824ms)
		BeginReloadAssembly (82ms)
			ExecutionOrderSort (0ms)
			DisableScriptedObjects (0ms)
			BackupInstance (0ms)
			ReleaseScriptingObjects (0ms)
			CreateAndSetChildDomain (1ms)
		EndReloadAssembly (615ms)
			LoadAssemblies (81ms)
			RebuildTransferFunctionScriptingTraits (0ms)
			SetupTypeCache (141ms)
			ReleaseScriptCaches (0ms)
			RebuildScriptCaches (40ms)
			SetupLoadedEditorAssemblies (369ms)
				LogAssemblyErrors (0ms)
				InitializePlatformSupportModulesInManaged (86ms)
				SetLoadedEditorAssemblies (0ms)
				RefreshPlugins (107ms)
				BeforeProcessingInitializeOnLoad (2ms)
				ProcessInitializeOnLoadAttributes (123ms)
				ProcessInitializeOnLoadMethodAttributes (51ms)
				AfterProcessingInitializeOnLoad (0ms)
				EditorAssembliesLoaded (0ms)
			ExecutionOrderSort2 (0ms)
			AwakeInstancesAfterBackupRestoration (0ms)
Platform modules already initialized, skipping
Registering precompiled user dll's ...
Registered in 0.005100 seconds.
Begin MonoManager ReloadAssembly
Symbol file LoadedFromMemory doesn't match image C:\Users\USER\Desktop\T2\unity_0818_3D_rio\unity_0818_3D_rio\Library\PackageCache\com.unity.visualscripting@1.7.6\Editor\VisualScripting.Core\Dependencies\YamlDotNet\Unity.VisualScripting.YamlDotNet.dll
Symbol file LoadedFromMemory doesn't match image C:\Users\USER\Desktop\T2\unity_0818_3D_rio\unity_0818_3D_rio\Library\PackageCache\com.unity.visualscripting@1.7.6\Editor\VisualScripting.Core\Dependencies\DotNetZip\Unity.VisualScripting.IonicZip.dll
Native extension for WindowsStandalone target not found
Native extension for Android target not found
Native extension for WebGL target not found
Refreshing native plugins compatible for Editor in 0.81 ms, found 3 plugins.
Preloading 0 native plugins for Editor in 0.00 ms.
Mono: successfully reloaded assembly
- Completed reload, in  1.333 seconds
Domain Reload Profiling:
	ReloadAssembly (1334ms)
		BeginReloadAssembly (238ms)
			ExecutionOrderSort (0ms)
			DisableScriptedObjects (7ms)
			BackupInstance (0ms)
			ReleaseScriptingObjects (0ms)
			CreateAndSetChildDomain (131ms)
		EndReloadAssembly (961ms)
			LoadAssemblies (91ms)
			RebuildTransferFunctionScriptingTraits (0ms)
			SetupTypeCache (326ms)
			ReleaseScriptCaches (1ms)
			RebuildScriptCaches (62ms)
			SetupLoadedEditorAssemblies (432ms)
				LogAssemblyErrors (0ms)
				InitializePlatformSupportModulesInManaged (17ms)
				SetLoadedEditorAssemblies (1ms)
				RefreshPlugins (1ms)
				BeforeProcessingInitializeOnLoad (111ms)
				ProcessInitializeOnLoadAttributes (266ms)
				ProcessInitializeOnLoadMethodAttributes (31ms)
				AfterProcessingInitializeOnLoad (6ms)
				EditorAssembliesLoaded (0ms)
			ExecutionOrderSort2 (0ms)
			AwakeInstancesAfterBackupRestoration (6ms)
Platform modules already initialized, skipping
========================================================================
Worker process is ready to serve import requests
Launched and connected shader compiler UnityShaderCompiler.exe after 0.04 seconds
Refreshing native plugins compatible for Editor in 0.86 ms, found 3 plugins.
Preloading 0 native plugins for Editor in 0.00 ms.
Unloading 3360 Unused Serialized files (Serialized files now loaded: 0)
Unloading 26 unused Assets / (112.1 KB). Loaded Objects now: 3819.
Memory consumption went from 115.8 MB to 115.6 MB.
Total: 4.978400 ms (FindLiveObjects: 0.462500 ms CreateObjectMapping: 0.402800 ms MarkObjects: 3.958900 ms  DeleteObjects: 0.152800 ms)

AssetImportParameters requested are different than current active one (requested -> active):
  custom:video-decoder-ogg-theora: a1e56fd34408186e4bbccfd4996cb3dc -> 
  custom:container-muxer-webm: aa71ff27fc2769a1b78a27578f13a17b -> 
  custom:container-demuxer-webm: 4f35f7cbe854078d1ac9338744f61a02 -> 
  custom:video-encoder-webm-vp8: eb34c28f22e8b96e1ab97ce403110664 -> 
  custom:audio-encoder-webm-vorbis: bf7c407c2cedff20999df2af8eb42d56 -> 
  custom:framework-win-MediaFoundation: 216162199b28c13a410421893ffa2e32 -> 
  custom:container-demuxer-ogg: 62fdf1f143b41e24485cea50d1cbac27 -> 
  custom:video-decoder-webm-vp8: 9c59270c3fd7afecdb556c50c9e8de78 -> 
  custom:audio-decoder-ogg-vorbis: bf7c407c2cedff20999df2af8eb42d56 -> 
========================================================================
Received Import Request.
  Time since last request: 5165.989863 seconds.
  path: Assets/場景
  artifactKey: Guid(b80ef5f91549e6e4e9b03a8e04a27ebf) Importer(815301076,1909f56bfc062723c751e8b465ee728b)
Start importing Assets/場景 using Guid(b80ef5f91549e6e4e9b03a8e04a27ebf) Importer(815301076,1909f56bfc062723c751e8b465ee728b)  -> (artifact id: '550fd183452210378ba912fa454173c0') in 0.015339 seconds 
========================================================================
Received Import Request.
  Time since last request: 12.719501 seconds.
  path: Assets/場景/場景1.unity
  artifactKey: Guid(0f9a2bd8ced66c949af950c20e5d71ab) Importer(815301076,1909f56bfc062723c751e8b465ee728b)
Start importing Assets/場景/場景1.unity using Guid(0f9a2bd8ced66c949af950c20e5d71ab) Importer(815301076,1909f56bfc062723c751e8b465ee728b)  -> (artifact id: '3206c670a50570a32c246533741f7318') in 0.008424 seconds 
========================================================================
Received Import Request.
  Time since last request: 105.308868 seconds.
  path: Assets/素材
  artifactKey: Guid(19a50158271c7b84d9d7098d7b712185) Importer(815301076,1909f56bfc062723c751e8b465ee728b)
Start importing Assets/素材 using Guid(19a50158271c7b84d9d7098d7b712185) Importer(815301076,1909f56bfc062723c751e8b465ee728b)  -> (artifact id: '1dc3e7ce5bf4ca5f3454df87c159d385') in 0.009107 seconds 
========================================================================
Received Import Request.
  Time since last request: 181.714234 seconds.
  path: Assets/Resources/Texture/mazu_scene02B.jpg
  artifactKey: Guid(73f87611384f6ee4f95424338b1f65a4) Importer(815301076,1909f56bfc062723c751e8b465ee728b)
Start importing Assets/Resources/Texture/mazu_scene02B.jpg using Guid(73f87611384f6ee4f95424338b1f65a4) Importer(815301076,1909f56bfc062723c751e8b465ee728b)  -> (artifact id: '7fae06f84d98a2eb02d339614e445a67') in 0.108455 seconds 
========================================================================
Received Import Request.
  Time since last request: 13.845993 seconds.
  path: Assets/Resources/Texture/mazu_scene17.jpg
  artifactKey: Guid(eadbd5423b1a1b04cb6c5f74b2db76f7) Importer(815301076,1909f56bfc062723c751e8b465ee728b)
Start importing Assets/Resources/Texture/mazu_scene17.jpg using Guid(eadbd5423b1a1b04cb6c5f74b2db76f7) Importer(815301076,1909f56bfc062723c751e8b465ee728b)  -> (artifact id: '4ac0b9e20e1b1f83a584b550238acda0') in 0.021987 seconds 
========================================================================
Received Import Request.
  Time since last request: 1.309285 seconds.
  path: Assets/Model/mazu_scene.fbm/mazu_scene_1.jpg
  artifactKey: Guid(761c5049144523d49be7cdb54df3dcad) Importer(815301076,1909f56bfc062723c751e8b465ee728b)
Start importing Assets/Model/mazu_scene.fbm/mazu_scene_1.jpg using Guid(761c5049144523d49be7cdb54df3dcad) Importer(815301076,1909f56bfc062723c751e8b465ee728b)  -> (artifact id: '1ed94e5d77e464c75e1598de0fb9c018') in 0.018479 seconds 
========================================================================
Received Import Request.
  Time since last request: 0.703336 seconds.
  path: Assets/Resources/Texture/wood-01_512.png
  artifactKey: Guid(5d5b831beafb824429101d393406113f) Importer(815301076,1909f56bfc062723c751e8b465ee728b)
Start importing Assets/Resources/Texture/wood-01_512.png using Guid(5d5b831beafb824429101d393406113f) Importer(815301076,1909f56bfc062723c751e8b465ee728b)  -> (artifact id: 'dcf1a3670941e335520b46b662b9e809') in 0.020459 seconds 
========================================================================
Received Import Request.
  Time since last request: 0.756779 seconds.
  path: Assets/Resources/Texture/mazu_scene20.jpg
  artifactKey: Guid(bd784743278703a419e5e293fb98f502) Importer(815301076,1909f56bfc062723c751e8b465ee728b)
Start importing Assets/Resources/Texture/mazu_scene20.jpg using Guid(bd784743278703a419e5e293fb98f502) Importer(815301076,1909f56bfc062723c751e8b465ee728b)  -> (artifact id: 'f1a6edb30d147362ed31e6fc191feb3f') in 0.017848 seconds 
========================================================================
Received Import Request.
  Time since last request: 6.400809 seconds.
  path: Assets/Model/mazu_scene.fbm/mazu_scene_1LightingMap.tga
  artifactKey: Guid(a0107d70b29bd2e46abb297554af49d1) Importer(815301076,1909f56bfc062723c751e8b465ee728b)
Start importing Assets/Model/mazu_scene.fbm/mazu_scene_1LightingMap.tga using Guid(a0107d70b29bd2e46abb297554af49d1) Importer(815301076,1909f56bfc062723c751e8b465ee728b)  -> (artifact id: 'e69a022689687d3b77029fbeb765edc6') in 0.019650 seconds 
========================================================================
Received Import Request.
  Time since last request: 4.517090 seconds.
  path: Assets/Model/mazu_scene.fbm/mazu_scene_4.jpg
  artifactKey: Guid(27f668dc9996b854ba735345e9859333) Importer(815301076,1909f56bfc062723c751e8b465ee728b)
Start importing Assets/Model/mazu_scene.fbm/mazu_scene_4.jpg using Guid(27f668dc9996b854ba735345e9859333) Importer(815301076,1909f56bfc062723c751e8b465ee728b)  -> (artifact id: '31c09996e79dab92a7631e5c257b17e0') in 0.019136 seconds 
========================================================================
Received Import Request.
  Time since last request: 0.756993 seconds.
  path: Assets/Model/mazu_scene.fbm/mazu_towerLightingMap.tga
  artifactKey: Guid(646411092d9cdc3448ee408711c4bcd9) Importer(815301076,1909f56bfc062723c751e8b465ee728b)
Start importing Assets/Model/mazu_scene.fbm/mazu_towerLightingMap.tga using Guid(646411092d9cdc3448ee408711c4bcd9) Importer(815301076,1909f56bfc062723c751e8b465ee728b)  -> (artifact id: '58340efd999113209b3bb9f7e81d0357') in 0.018349 seconds 
========================================================================
Received Import Request.
  Time since last request: 2.602860 seconds.
  path: Assets/Resources/Texture/electric.png
  artifactKey: Guid(ecf95c0a12b55d34983642904b34919b) Importer(815301076,1909f56bfc062723c751e8b465ee728b)
Start importing Assets/Resources/Texture/electric.png using Guid(ecf95c0a12b55d34983642904b34919b) Importer(815301076,1909f56bfc062723c751e8b465ee728b)  -> (artifact id: 'c57a56c76f2199807f1dcedf8243b0d7') in 0.016174 seconds 
========================================================================
Received Import Request.
  Time since last request: 0.693725 seconds.
  path: Assets/Resources/Texture/DG_05moon_02.png
  artifactKey: Guid(413a4b12deb91604892c7212abdc1373) Importer(815301076,1909f56bfc062723c751e8b465ee728b)
Start importing Assets/Resources/Texture/DG_05moon_02.png using Guid(413a4b12deb91604892c7212abdc1373) Importer(815301076,1909f56bfc062723c751e8b465ee728b)  -> (artifact id: '3972fcca09002a984de07220008ee736') in 0.025854 seconds 
========================================================================
Received Import Request.
  Time since last request: 8.707486 seconds.
  path: Assets/素材/Texture.rar
  artifactKey: Guid(b2643f7270fd0544a96a64f7a971ba30) Importer(815301076,1909f56bfc062723c751e8b465ee728b)
Start importing Assets/素材/Texture.rar using Guid(b2643f7270fd0544a96a64f7a971ba30) Importer(815301076,1909f56bfc062723c751e8b465ee728b)  -> (artifact id: '442766ec4f44c42e99f34fa9b742aa7f') in 0.011506 seconds 
========================================================================
Received Import Request.
  Time since last request: 0.916175 seconds.
  path: Assets/素材/Sound.rar
  artifactKey: Guid(969f78d2614c9ae4693d23a95529da49) Importer(815301076,1909f56bfc062723c751e8b465ee728b)
Start importing Assets/素材/Sound.rar using Guid(969f78d2614c9ae4693d23a95529da49) Importer(815301076,1909f56bfc062723c751e8b465ee728b)  -> (artifact id: 'f12ed5e2e05c725509a9aba5fcc2de6a') in 0.009626 seconds 
========================================================================
Received Import Request.
  Time since last request: 4.838294 seconds.
  path: Assets/素材/title_bg 2.jpg
  artifactKey: Guid(fba30edbdf3fe2b49b62be447dd27e4e) Importer(815301076,1909f56bfc062723c751e8b465ee728b)
Start importing Assets/素材/title_bg 2.jpg using Guid(fba30edbdf3fe2b49b62be447dd27e4e) Importer(815301076,1909f56bfc062723c751e8b465ee728b)  -> (artifact id: '7d3a5300e3249e575e846f836f2f0d4e') in 0.019154 seconds 
========================================================================
Received Import Request.
  Time since last request: 259.322739 seconds.
  path: Assets/UI/logo.png
  artifactKey: Guid(83b70832ad1d5e04184fb4cff22def82) Importer(815301076,1909f56bfc062723c751e8b465ee728b)
Start importing Assets/UI/logo.png using Guid(83b70832ad1d5e04184fb4cff22def82) Importer(815301076,1909f56bfc062723c751e8b465ee728b)  -> (artifact id: 'b973a1ff8e3ceed61497388c36f487be') in 0.019581 seconds 
========================================================================
Received Import Request.
  Time since last request: 0.778386 seconds.
  path: Assets/UI/num_0.png
  artifactKey: Guid(ac599049cbaebf0499379272118fa188) Importer(815301076,1909f56bfc062723c751e8b465ee728b)
Start importing Assets/UI/num_0.png using Guid(ac599049cbaebf0499379272118fa188) Importer(815301076,1909f56bfc062723c751e8b465ee728b)  -> (artifact id: 'a00e1ba3186efb354cb248a6e70ee74e') in 0.015438 seconds 
========================================================================
Received Import Request.
  Time since last request: 6.155885 seconds.
  path: Assets/UI/num_0.png
  artifactKey: Guid(ac599049cbaebf0499379272118fa188) Importer(815301076,1909f56bfc062723c751e8b465ee728b)
Start importing Assets/UI/num_0.png using Guid(ac599049cbaebf0499379272118fa188) Importer(815301076,1909f56bfc062723c751e8b465ee728b)  -> (artifact id: '5b7f15774d2b7537a707dad4caae8b6f') in 0.071365 seconds 
========================================================================
Received Import Request.
  Time since last request: 3.796711 seconds.
  path: Assets/素材/Texture
  artifactKey: Guid(5ede455733540854f95c7aa05b4c0e5d) Importer(815301076,1909f56bfc062723c751e8b465ee728b)
Start importing Assets/素材/Texture using Guid(5ede455733540854f95c7aa05b4c0e5d) Importer(815301076,1909f56bfc062723c751e8b465ee728b)  -> (artifact id: '5d3b27988bef71bcb30a0b1daed9edfd') in 0.002864 seconds 
========================================================================
Received Import Request.
  Time since last request: 5.744702 seconds.
  path: Assets/素材/Texture/bo.png
  artifactKey: Guid(48d1dc3a4b969b24bb1891bdfe362f6a) Importer(815301076,1909f56bfc062723c751e8b465ee728b)
Start importing Assets/素材/Texture/bo.png using Guid(48d1dc3a4b969b24bb1891bdfe362f6a) Importer(815301076,1909f56bfc062723c751e8b465ee728b)  -> (artifact id: '411da14f37381d8c58096a71db6b983c') in 0.017212 seconds 
========================================================================
Received Import Request.
  Time since last request: 6.341772 seconds.
  path: Assets/素材/Texture/mazu_scene01.jpg
  artifactKey: Guid(2f0322c27cb44a844920116b944fde7f) Importer(815301076,1909f56bfc062723c751e8b465ee728b)
Start importing Assets/素材/Texture/mazu_scene01.jpg using Guid(2f0322c27cb44a844920116b944fde7f) Importer(815301076,1909f56bfc062723c751e8b465ee728b)  -> (artifact id: '70ce67c3fbd4f84fa4ffb4cd01f1f8a0') in 0.023757 seconds 
========================================================================
Received Import Request.
  Time since last request: 17.910440 seconds.
  path: Assets/素材/Texture/mazu_scene01.jpg
  artifactKey: Guid(2f0322c27cb44a844920116b944fde7f) Importer(815301076,1909f56bfc062723c751e8b465ee728b)
Start importing Assets/素材/Texture/mazu_scene01.jpg using Guid(2f0322c27cb44a844920116b944fde7f) Importer(815301076,1909f56bfc062723c751e8b465ee728b)  -> (artifact id: '160ed14a0f8373d847332a958ff035bd') in 0.210572 seconds 
========================================================================
Received Import Request.
  Time since last request: 9.799335 seconds.
  path: Assets/素材/Texture/bar_1.png
  artifactKey: Guid(688f0fe955b4dd94da605a0ef51ed29a) Importer(815301076,1909f56bfc062723c751e8b465ee728b)
Start importing Assets/素材/Texture/bar_1.png using Guid(688f0fe955b4dd94da605a0ef51ed29a) Importer(815301076,1909f56bfc062723c751e8b465ee728b)  -> (artifact id: 'aa8433fd4d4e2fb4b551069ab4931ae2') in 0.026600 seconds 
========================================================================
Received Import Request.
  Time since last request: 2.796521 seconds.
  path: Assets/素材/Texture/bar_3.png
  artifactKey: Guid(de59165e7a758c6429fe461322f4fa4f) Importer(815301076,1909f56bfc062723c751e8b465ee728b)
Start importing Assets/素材/Texture/bar_3.png using Guid(de59165e7a758c6429fe461322f4fa4f) Importer(815301076,1909f56bfc062723c751e8b465ee728b)  -> (artifact id: 'f9dff20bc6c4ca9125421787e6713e72') in 0.021780 seconds 
========================================================================
Received Import Request.
  Time since last request: 5.815663 seconds.
  path: Assets/素材/Texture/num_0.png
  artifactKey: Guid(3f1c11a9307294745aec4304af6430fa) Importer(815301076,1909f56bfc062723c751e8b465ee728b)
Start importing Assets/素材/Texture/num_0.png using Guid(3f1c11a9307294745aec4304af6430fa) Importer(815301076,1909f56bfc062723c751e8b465ee728b)  -> (artifact id: '6d758fb30e4630c6e1a406afaf97f72f') in 0.013218 seconds 
========================================================================
Received Import Request.
  Time since last request: 0.970267 seconds.
  path: Assets/素材/Texture/num_7.png
  artifactKey: Guid(8e6f6961a4d258743990bdf1abb8b387) Importer(815301076,1909f56bfc062723c751e8b465ee728b)
Start importing Assets/素材/Texture/num_7.png using Guid(8e6f6961a4d258743990bdf1abb8b387) Importer(815301076,1909f56bfc062723c751e8b465ee728b)  -> (artifact id: 'f657fb79c75435f7681d49dfc8212131') in 0.020869 seconds 
========================================================================
Received Import Request.
  Time since last request: 313.943397 seconds.
  path: Assets/素材/Texture/life_1.png
  artifactKey: Guid(67f9f1288c853f94193c06157c8bf957) Importer(815301076,1909f56bfc062723c751e8b465ee728b)
Start importing Assets/素材/Texture/life_1.png using Guid(67f9f1288c853f94193c06157c8bf957) Importer(815301076,1909f56bfc062723c751e8b465ee728b)  -> (artifact id: 'a1d4f47e47c6d7afd7d108a895f39e44') in 0.022146 seconds 
========================================================================
Received Import Request.
  Time since last request: 1.108710 seconds.
  path: Assets/素材/Texture/life_2.png
  artifactKey: Guid(7930466f52da5fa4bb15f49ab3bf45de) Importer(815301076,1909f56bfc062723c751e8b465ee728b)
Start importing Assets/素材/Texture/life_2.png using Guid(7930466f52da5fa4bb15f49ab3bf45de) Importer(815301076,1909f56bfc062723c751e8b465ee728b)  -> (artifact id: 'd608fe208d5dfabac7c6186f3309422d') in 0.020759 seconds 
========================================================================
Received Import Request.
  Time since last request: 7.803921 seconds.
  path: Assets/素材/Texture/title_bg 1.jpg
  artifactKey: Guid(becc6f427b865a44f8087943658ecb28) Importer(815301076,1909f56bfc062723c751e8b465ee728b)
Start importing Assets/素材/Texture/title_bg 1.jpg using Guid(becc6f427b865a44f8087943658ecb28) Importer(815301076,1909f56bfc062723c751e8b465ee728b)  -> (artifact id: 'baae5b1d4caec1eb8b85b95ae016817f') in 0.053578 seconds 
========================================================================
Received Import Request.
  Time since last request: 24.679429 seconds.
  path: Assets/素材/Texture/sound_open.png
  artifactKey: Guid(49860ad0f7730524e9dc519345750b69) Importer(815301076,1909f56bfc062723c751e8b465ee728b)
Start importing Assets/素材/Texture/sound_open.png using Guid(49860ad0f7730524e9dc519345750b69) Importer(815301076,1909f56bfc062723c751e8b465ee728b)  -> (artifact id: 'f847768e015bcc64442f24a7b1f9bc34') in 0.023782 seconds 
========================================================================
Received Import Request.
  Time since last request: 0.732074 seconds.
  path: Assets/素材/Texture/sound_close.png
  artifactKey: Guid(06abadf72c4eb5b4c96e185a2bd6e396) Importer(815301076,1909f56bfc062723c751e8b465ee728b)
Start importing Assets/素材/Texture/sound_close.png using Guid(06abadf72c4eb5b4c96e185a2bd6e396) Importer(815301076,1909f56bfc062723c751e8b465ee728b)  -> (artifact id: 'e791ce4eaddfed95098387d0b7743a5b') in 0.020152 seconds 
========================================================================
Received Import Request.
  Time since last request: 22.048790 seconds.
  path: Assets/素材/Texture/result_win.png
  artifactKey: Guid(94831bb976f88584dbcfa6f43f85a917) Importer(815301076,1909f56bfc062723c751e8b465ee728b)
Start importing Assets/素材/Texture/result_win.png using Guid(94831bb976f88584dbcfa6f43f85a917) Importer(815301076,1909f56bfc062723c751e8b465ee728b)  -> (artifact id: 'f74eeaa5b1abef150dccb331ffc55d97') in 0.030664 seconds 
========================================================================
Received Import Request.
  Time since last request: 19.113107 seconds.
  path: Assets/素材/Texture/pause_back.png
  artifactKey: Guid(b4773a158df33da4cb46005ff82fd948) Importer(815301076,1909f56bfc062723c751e8b465ee728b)
Start importing Assets/素材/Texture/pause_back.png using Guid(b4773a158df33da4cb46005ff82fd948) Importer(815301076,1909f56bfc062723c751e8b465ee728b)  -> (artifact id: 'ff22901e8fefb8f10592885b6c7f7c09') in 0.025878 seconds 
========================================================================
Received Import Request.
  Time since last request: 1.805943 seconds.
  path: Assets/素材/Texture/result_next.png
  artifactKey: Guid(c43697262559d3c47aa988e2f6b460d5) Importer(815301076,1909f56bfc062723c751e8b465ee728b)
Start importing Assets/素材/Texture/result_next.png using Guid(c43697262559d3c47aa988e2f6b460d5) Importer(815301076,1909f56bfc062723c751e8b465ee728b)  -> (artifact id: 'dba126f0bc4ef9b18e67fee6ec766efb') in 0.024981 seconds 
========================================================================
Received Import Request.
  Time since last request: 9.234213 seconds.
  path: Assets/素材/Texture/magic.png
  artifactKey: Guid(1c052b345ad3b9f46a35dd77a2363db7) Importer(815301076,1909f56bfc062723c751e8b465ee728b)
Start importing Assets/素材/Texture/magic.png using Guid(1c052b345ad3b9f46a35dd77a2363db7) Importer(815301076,1909f56bfc062723c751e8b465ee728b)  -> (artifact id: '0eea5ca240f669f9fb92d8505d79348a') in 0.026418 seconds 
========================================================================
Received Import Request.
  Time since last request: 1.088306 seconds.
  path: Assets/素材/Texture/lost.png
  artifactKey: Guid(b2c99a165681c154eaffbffe64b0359d) Importer(815301076,1909f56bfc062723c751e8b465ee728b)
Start importing Assets/素材/Texture/lost.png using Guid(b2c99a165681c154eaffbffe64b0359d) Importer(815301076,1909f56bfc062723c751e8b465ee728b)  -> (artifact id: 'baad48036bd1660cafda3f0a76cad690') in 0.041663 seconds 
========================================================================
Received Import Request.
  Time since last request: 18.787984 seconds.
  path: Assets/素材/Texture/logo.png
  artifactKey: Guid(27b795935af3e2442bb916b7d45d4e97) Importer(815301076,1909f56bfc062723c751e8b465ee728b)
Start importing Assets/素材/Texture/logo.png using Guid(27b795935af3e2442bb916b7d45d4e97) Importer(815301076,1909f56bfc062723c751e8b465ee728b)  -> (artifact id: '980d59582e832c46632f50f8127526b7') in 0.037600 seconds 
========================================================================
Received Import Request.
  Time since last request: 1.620940 seconds.
  path: Assets/素材/Texture/level.png
  artifactKey: Guid(dc6ee17551134684086624b40913bd91) Importer(815301076,1909f56bfc062723c751e8b465ee728b)
Start importing Assets/素材/Texture/level.png using Guid(dc6ee17551134684086624b40913bd91) Importer(815301076,1909f56bfc062723c751e8b465ee728b)  -> (artifact id: 'a82bc316590390aa39452372cca36801') in 0.024564 seconds 
========================================================================
Received Import Request.
  Time since last request: 1.077947 seconds.
  path: Assets/素材/Texture/health_bg.png
  artifactKey: Guid(bde23e5fc5f528f4680bc88ac7337ec2) Importer(815301076,1909f56bfc062723c751e8b465ee728b)
Start importing Assets/素材/Texture/health_bg.png using Guid(bde23e5fc5f528f4680bc88ac7337ec2) Importer(815301076,1909f56bfc062723c751e8b465ee728b)  -> (artifact id: '51b8d4e9653249589e926f5d55ab4dfa') in 0.022079 seconds 
========================================================================
Received Import Request.
  Time since last request: 0.481324 seconds.
  path: Assets/素材/Texture/hurt.jpg
  artifactKey: Guid(e2768f2ee420ad6499072d51e713ab6e) Importer(815301076,1909f56bfc062723c751e8b465ee728b)
Start importing Assets/素材/Texture/hurt.jpg using Guid(e2768f2ee420ad6499072d51e713ab6e) Importer(815301076,1909f56bfc062723c751e8b465ee728b)  -> (artifact id: '16118e6e249d12afb20359b313eeebfe') in 0.032448 seconds 
========================================================================
Received Import Request.
  Time since last request: 1.065127 seconds.
  path: Assets/素材/Texture/health.png
  artifactKey: Guid(aea6ba82391c2dd4cbef81e2db01f899) Importer(815301076,1909f56bfc062723c751e8b465ee728b)
Start importing Assets/素材/Texture/health.png using Guid(aea6ba82391c2dd4cbef81e2db01f899) Importer(815301076,1909f56bfc062723c751e8b465ee728b)  -> (artifact id: '5f0a18204edac54176d336791419e974') in 0.020437 seconds 
========================================================================
Received Import Request.
  Time since last request: 0.841518 seconds.
  path: Assets/素材/Texture/grass_01.png
  artifactKey: Guid(0df737ca16db5684eac2c591fada4cc3) Importer(815301076,1909f56bfc062723c751e8b465ee728b)
Start importing Assets/素材/Texture/grass_01.png using Guid(0df737ca16db5684eac2c591fada4cc3) Importer(815301076,1909f56bfc062723c751e8b465ee728b)  -> (artifact id: '2574c5c591df45d766dbb67cdd6968bb') in 0.055034 seconds 
========================================================================
Received Import Request.
  Time since last request: 0.409736 seconds.
  path: Assets/素材/Texture/GOD_woman_d.png
  artifactKey: Guid(78c7b46c9ed510644ac6c0f1eb50f064) Importer(815301076,1909f56bfc062723c751e8b465ee728b)
Start importing Assets/素材/Texture/GOD_woman_d.png using Guid(78c7b46c9ed510644ac6c0f1eb50f064) Importer(815301076,1909f56bfc062723c751e8b465ee728b)  -> (artifact id: 'b6a286c1dcd8f426c1ee78f257f9c8bb') in 0.098069 seconds 
========================================================================
Received Import Request.
  Time since last request: 1.639432 seconds.
  path: Assets/素材/Texture/ghost.png
  artifactKey: Guid(2dc4dcbeb0cc5434f988aed63faa30ea) Importer(815301076,1909f56bfc062723c751e8b465ee728b)
Start importing Assets/素材/Texture/ghost.png using Guid(2dc4dcbeb0cc5434f988aed63faa30ea) Importer(815301076,1909f56bfc062723c751e8b465ee728b)  -> (artifact id: '72efca7df9de695003857a6ea9cfadd0') in 0.022980 seconds 
========================================================================
Received Import Request.
  Time since last request: 1.026933 seconds.
  path: Assets/素材/Texture/ghost.jpg
  artifactKey: Guid(4697a99d372017244a47c973f9ec0fe2) Importer(815301076,1909f56bfc062723c751e8b465ee728b)
Start importing Assets/素材/Texture/ghost.jpg using Guid(4697a99d372017244a47c973f9ec0fe2) Importer(815301076,1909f56bfc062723c751e8b465ee728b)  -> (artifact id: '84f45b47fb5ef296fd678fe15d7f9acc') in 0.035666 seconds 
========================================================================
Received Import Request.
  Time since last request: 13.259246 seconds.
  path: Assets/素材/Texture/exit.png
  artifactKey: Guid(7da1c1271e224594e9f33c238b42a5c6) Importer(815301076,1909f56bfc062723c751e8b465ee728b)
Start importing Assets/素材/Texture/exit.png using Guid(7da1c1271e224594e9f33c238b42a5c6) Importer(815301076,1909f56bfc062723c751e8b465ee728b)  -> (artifact id: '994ba3596c044c93be3f35c1415190fb') in 0.023252 seconds 
========================================================================
Received Import Request.
  Time since last request: 9.067045 seconds.
  path: Assets/UI/logo.png
  artifactKey: Guid(83b70832ad1d5e04184fb4cff22def82) Importer(815301076,1909f56bfc062723c751e8b465ee728b)
Start importing Assets/UI/logo.png using Guid(83b70832ad1d5e04184fb4cff22def82) Importer(815301076,1909f56bfc062723c751e8b465ee728b)  -> (artifact id: '7eda7c41b1d90babd15436714e80e7b2') in 0.031297 seconds 
========================================================================
Received Import Request.
  Time since last request: 0.586838 seconds.
  path: Assets/UI/magic_btn.png
  artifactKey: Guid(7ebefa3c2fadae64ea29629c466bc842) Importer(815301076,1909f56bfc062723c751e8b465ee728b)
Start importing Assets/UI/magic_btn.png using Guid(7ebefa3c2fadae64ea29629c466bc842) Importer(815301076,1909f56bfc062723c751e8b465ee728b)  -> (artifact id: '23816135b69e2219534c3b130a32b4ff') in 0.034730 seconds 
========================================================================
Received Import Request.
  Time since last request: 15.603752 seconds.
  path: Assets/素材/Texture/magic_btn.png
  artifactKey: Guid(a6c196f5bf05219488c328c222a44b71) Importer(815301076,1909f56bfc062723c751e8b465ee728b)
Start importing Assets/素材/Texture/magic_btn.png using Guid(a6c196f5bf05219488c328c222a44b71) Importer(815301076,1909f56bfc062723c751e8b465ee728b)  -> (artifact id: '7852ddb6f30688ccdb5785e6f3984b5b') in 0.034380 seconds 
========================================================================
Received Import Request.
  Time since last request: 12.059946 seconds.
  path: Assets/素材/Texture/GOD_Male villagers_d.png
  artifactKey: Guid(16fbb1e8d4a728d4088f9d3c353d9ab1) Importer(815301076,1909f56bfc062723c751e8b465ee728b)
Start importing Assets/素材/Texture/GOD_Male villagers_d.png using Guid(16fbb1e8d4a728d4088f9d3c353d9ab1) Importer(815301076,1909f56bfc062723c751e8b465ee728b)  -> (artifact id: '4618aacc6aa6958b30810f994f739dca') in 0.104830 seconds 
========================================================================
Received Import Request.
  Time since last request: 0.534503 seconds.
  path: Assets/素材/Texture/GOD_drum_d.png
  artifactKey: Guid(630bf8c91df93204483cc03dd364c3c2) Importer(815301076,1909f56bfc062723c751e8b465ee728b)
Start importing Assets/素材/Texture/GOD_drum_d.png using Guid(630bf8c91df93204483cc03dd364c3c2) Importer(815301076,1909f56bfc062723c751e8b465ee728b)  -> (artifact id: '01fa36b7e1a6b90587e51835fc810fde') in 0.105970 seconds 
========================================================================
Received Import Request.
  Time since last request: 5.047974 seconds.
  path: Assets/素材/Texture/DG_05moon_02.png
  artifactKey: Guid(cfcccecc34475944c8fde0edb3786559) Importer(815301076,1909f56bfc062723c751e8b465ee728b)
Start importing Assets/素材/Texture/DG_05moon_02.png using Guid(cfcccecc34475944c8fde0edb3786559) Importer(815301076,1909f56bfc062723c751e8b465ee728b)  -> (artifact id: 'd17bfcc65777d9ff07ba5415c75c9074') in 0.125498 seconds 
========================================================================
Received Import Request.
  Time since last request: 5.199408 seconds.
  path: Assets/素材/Texture/DG_05moon_01.jpg
  artifactKey: Guid(11f817fb574bc354e9873a371d74cd0d) Importer(815301076,1909f56bfc062723c751e8b465ee728b)
Start importing Assets/素材/Texture/DG_05moon_01.jpg using Guid(11f817fb574bc354e9873a371d74cd0d) Importer(815301076,1909f56bfc062723c751e8b465ee728b)  -> (artifact id: 'adfe48843409a7699da3e9fccf8b4a3d') in 0.146193 seconds 
========================================================================
Received Import Request.
  Time since last request: 1.829149 seconds.
  path: Assets/素材/Texture/cancel.png
  artifactKey: Guid(94d3fb7b49e8b4e498d6227797d74b09) Importer(815301076,1909f56bfc062723c751e8b465ee728b)
Start importing Assets/素材/Texture/cancel.png using Guid(94d3fb7b49e8b4e498d6227797d74b09) Importer(815301076,1909f56bfc062723c751e8b465ee728b)  -> (artifact id: '5afecce8810f733443ee88843f365b39') in 0.043456 seconds 
========================================================================
Received Import Request.
  Time since last request: 17.895093 seconds.
  path: Assets/Resources/Texture/mazu_scene09.jpg
  artifactKey: Guid(105197fb38009d84f99a20d89b4320ad) Importer(815301076,1909f56bfc062723c751e8b465ee728b)
Start importing Assets/Resources/Texture/mazu_scene09.jpg using Guid(105197fb38009d84f99a20d89b4320ad) Importer(815301076,1909f56bfc062723c751e8b465ee728b)  -> (artifact id: 'b9801c416e91e258f7a08b10dfd42c5a') in 0.020422 seconds 
========================================================================
Received Import Request.
  Time since last request: 0.623424 seconds.
  path: Assets/Resources/Texture/mazu_scene02a.png
  artifactKey: Guid(da93de8e38bd5164da959d4bd6ccd652) Importer(815301076,1909f56bfc062723c751e8b465ee728b)
Start importing Assets/Resources/Texture/mazu_scene02a.png using Guid(da93de8e38bd5164da959d4bd6ccd652) Importer(815301076,1909f56bfc062723c751e8b465ee728b)  -> (artifact id: 'b6996e4b180cb379471c3c3dd6e5217e') in 0.018909 seconds 
========================================================================
Received Import Request.
  Time since last request: 0.457294 seconds.
  path: Assets/Resources/Texture/floor_2.jpg
  artifactKey: Guid(2d6ac18ea7ffcc746aa112f1a9fd5ece) Importer(815301076,1909f56bfc062723c751e8b465ee728b)
Start importing Assets/Resources/Texture/floor_2.jpg using Guid(2d6ac18ea7ffcc746aa112f1a9fd5ece) Importer(815301076,1909f56bfc062723c751e8b465ee728b)  -> (artifact id: '42ce1c1209d84ed3b6f1241bba896665') in 0.017451 seconds 
========================================================================
Received Import Request.
  Time since last request: 9.456454 seconds.
  path: Assets/Resources/Texture/floor_1.jpg
  artifactKey: Guid(8726f7f838a7a4244a721a52bc61c302) Importer(815301076,1909f56bfc062723c751e8b465ee728b)
Start importing Assets/Resources/Texture/floor_1.jpg using Guid(8726f7f838a7a4244a721a52bc61c302) Importer(815301076,1909f56bfc062723c751e8b465ee728b)  -> (artifact id: 'f1edbc44ffdadd1de4c7f4e2d707a9b6') in 0.018195 seconds 
========================================================================
Received Import Request.
  Time since last request: 0.475601 seconds.
  path: Assets/Model/mazu_scene.fbm/mazu_floor.jpg
  artifactKey: Guid(62a6b571b29e686428b0c134a27fe884) Importer(815301076,1909f56bfc062723c751e8b465ee728b)
Start importing Assets/Model/mazu_scene.fbm/mazu_floor.jpg using Guid(62a6b571b29e686428b0c134a27fe884) Importer(815301076,1909f56bfc062723c751e8b465ee728b)  -> (artifact id: '16e2d6485a993af8baed81a8465e90cc') in 0.020050 seconds 
========================================================================
Received Import Request.
  Time since last request: 1.957102 seconds.
  path: Assets/Model/mazu_scene.fbm/mazu_scene_4LightingMap.tga
  artifactKey: Guid(bc5bfc8eddd1e0e4fa6fb2d238b31c8e) Importer(815301076,1909f56bfc062723c751e8b465ee728b)
Start importing Assets/Model/mazu_scene.fbm/mazu_scene_4LightingMap.tga using Guid(bc5bfc8eddd1e0e4fa6fb2d238b31c8e) Importer(815301076,1909f56bfc062723c751e8b465ee728b)  -> (artifact id: '8ba4e4803a1e6fd52ff4d8b14759da57') in 0.019130 seconds 
========================================================================
Received Import Request.
  Time since last request: 0.450199 seconds.
  path: Assets/Model/mazu_scene.fbm/mazu_scene_2LightingMap.tga
  artifactKey: Guid(08393cd187f769d478d18a2538bede01) Importer(815301076,1909f56bfc062723c751e8b465ee728b)
Start importing Assets/Model/mazu_scene.fbm/mazu_scene_2LightingMap.tga using Guid(08393cd187f769d478d18a2538bede01) Importer(815301076,1909f56bfc062723c751e8b465ee728b)  -> (artifact id: '875ac1212de8958d84069043b571f95d') in 0.020455 seconds 
========================================================================
Received Import Request.
  Time since last request: 5.765924 seconds.
  path: Assets/Resources/Texture/GOD_Male villagers_d.png
  artifactKey: Guid(22323dd74286ee3438595b1e8688089d) Importer(815301076,1909f56bfc062723c751e8b465ee728b)
Start importing Assets/Resources/Texture/GOD_Male villagers_d.png using Guid(22323dd74286ee3438595b1e8688089d) Importer(815301076,1909f56bfc062723c751e8b465ee728b)  -> (artifact id: 'fc1e227e4a52e85af8c58944e8966dff') in 0.020335 seconds 
========================================================================
Received Import Request.
  Time since last request: 1.495418 seconds.
  path: Assets/Resources/Texture/bo.png
  artifactKey: Guid(06d8259196b7cdd4f8c208c4c439027e) Importer(815301076,1909f56bfc062723c751e8b465ee728b)
Start importing Assets/Resources/Texture/bo.png using Guid(06d8259196b7cdd4f8c208c4c439027e) Importer(815301076,1909f56bfc062723c751e8b465ee728b)  -> (artifact id: '449609aa8b98e4d06d7b38ef3ca70f1d') in 0.010260 seconds 
========================================================================
Received Import Request.
  Time since last request: 37.118129 seconds.
  path: Assets/Texture/GOD_woman_d.png
  artifactKey: Guid(5eccacbef069466499aae0821662089d) Importer(815301076,1909f56bfc062723c751e8b465ee728b)
Start importing Assets/Texture/GOD_woman_d.png using Guid(5eccacbef069466499aae0821662089d) Importer(815301076,1909f56bfc062723c751e8b465ee728b)  -> (artifact id: 'e202cae82b9095465fd653ef0a16815f') in 0.019589 seconds 
========================================================================
Received Import Request.
  Time since last request: 0.543708 seconds.
  path: Assets/Texture/mazu_scene06.jpg
  artifactKey: Guid(a55142923d56cff47816240b95303ce7) Importer(815301076,1909f56bfc062723c751e8b465ee728b)
Start importing Assets/Texture/mazu_scene06.jpg using Guid(a55142923d56cff47816240b95303ce7) Importer(815301076,1909f56bfc062723c751e8b465ee728b)  -> (artifact id: 'ee6d7b8f559fcdf5ae7620c32e1c244f') in 0.018827 seconds 
========================================================================
Received Import Request.
  Time since last request: 17.717779 seconds.
  path: Assets/Texture/mazu_scene07.jpg
  artifactKey: Guid(5719479c84b0d944599a2fb7fbbca2e5) Importer(815301076,1909f56bfc062723c751e8b465ee728b)
Start importing Assets/Texture/mazu_scene07.jpg using Guid(5719479c84b0d944599a2fb7fbbca2e5) Importer(815301076,1909f56bfc062723c751e8b465ee728b)  -> (artifact id: 'fa45ca8d5630052c4da22537e47797d3') in 0.020809 seconds 
========================================================================
Received Import Request.
  Time since last request: 17.629347 seconds.
  path: Assets/素材/Texture/mazu_scene10b.jpg
  artifactKey: Guid(88e242f22f3bc43448fbbb4313a3d953) Importer(815301076,1909f56bfc062723c751e8b465ee728b)
Start importing Assets/素材/Texture/mazu_scene10b.jpg using Guid(88e242f22f3bc43448fbbb4313a3d953) Importer(815301076,1909f56bfc062723c751e8b465ee728b)  -> (artifact id: 'daf5dd1f26e5afc45f42bdd4b3f4229e') in 0.031554 seconds 
========================================================================
Received Import Request.
  Time since last request: 0.534423 seconds.
  path: Assets/素材/Texture/mazu_scene13.jpg
  artifactKey: Guid(adb1303e004858c4984ece5ff535ab61) Importer(815301076,1909f56bfc062723c751e8b465ee728b)
Start importing Assets/素材/Texture/mazu_scene13.jpg using Guid(adb1303e004858c4984ece5ff535ab61) Importer(815301076,1909f56bfc062723c751e8b465ee728b)  -> (artifact id: '5f3ad4751e405f97c27210e874cd9e84') in 0.141407 seconds 
========================================================================
Received Import Request.
  Time since last request: 0.394086 seconds.
  path: Assets/素材/Texture/mazu_scene18.jpg
  artifactKey: Guid(cd5e614a405f9214f817c37c8817bfe7) Importer(815301076,1909f56bfc062723c751e8b465ee728b)
Start importing Assets/素材/Texture/mazu_scene18.jpg using Guid(cd5e614a405f9214f817c37c8817bfe7) Importer(815301076,1909f56bfc062723c751e8b465ee728b)  -> (artifact id: '22ec50d462e7c76551f86280c2b715ad') in 0.053555 seconds 
========================================================================
Received Import Request.
  Time since last request: 13.259479 seconds.
  path: Assets/Model/mazu_scene.fbm/mazu_scene_3.jpg
  artifactKey: Guid(eea58ab4fc02f1645ad526682fb17fff) Importer(815301076,1909f56bfc062723c751e8b465ee728b)
Start importing Assets/Model/mazu_scene.fbm/mazu_scene_3.jpg using Guid(eea58ab4fc02f1645ad526682fb17fff) Importer(815301076,1909f56bfc062723c751e8b465ee728b)  -> (artifact id: 'f6b0e089ff1ae74423b9fbd3b6c6166a') in 0.019247 seconds 
========================================================================
Received Import Request.
  Time since last request: 3.355125 seconds.
  path: Assets/Model/mazu_scene.fbm/mazu_tower.jpg
  artifactKey: Guid(a53724ded31372047aad45428c1316f4) Importer(815301076,1909f56bfc062723c751e8b465ee728b)
Start importing Assets/Model/mazu_scene.fbm/mazu_tower.jpg using Guid(a53724ded31372047aad45428c1316f4) Importer(815301076,1909f56bfc062723c751e8b465ee728b)  -> (artifact id: '8d7b559715e092b6445de140991ef89b') in 0.017470 seconds 
========================================================================
Received Import Request.
  Time since last request: 0.615575 seconds.
  path: Assets/Model/mazu_scene.fbm/mazu_wall.jpg
  artifactKey: Guid(26e91ab4e67ebdc4fbcce1a0ac11cda6) Importer(815301076,1909f56bfc062723c751e8b465ee728b)
Start importing Assets/Model/mazu_scene.fbm/mazu_wall.jpg using Guid(26e91ab4e67ebdc4fbcce1a0ac11cda6) Importer(815301076,1909f56bfc062723c751e8b465ee728b)  -> (artifact id: '0f6600f25685086ab584c31561c3be0e') in 0.018409 seconds 
========================================================================
Received Import Request.
  Time since last request: 1.212956 seconds.
  path: Assets/Model/mazu_scene.fbm/mazu_floorLightingMap.tga
  artifactKey: Guid(2708c579d172ee243bb9439673f58908) Importer(815301076,1909f56bfc062723c751e8b465ee728b)
Start importing Assets/Model/mazu_scene.fbm/mazu_floorLightingMap.tga using Guid(2708c579d172ee243bb9439673f58908) Importer(815301076,1909f56bfc062723c751e8b465ee728b)  -> (artifact id: 'd4b7e930d03c84e88131d675c5996e94') in 0.017944 seconds 
========================================================================
Received Import Request.
  Time since last request: 4.175659 seconds.
  path: Assets/素材/Texture2/floor.jpg
  artifactKey: Guid(64b642882fd3d744abc6dc3a8a83ef53) Importer(815301076,1909f56bfc062723c751e8b465ee728b)
Start importing Assets/素材/Texture2/floor.jpg using Guid(64b642882fd3d744abc6dc3a8a83ef53) Importer(815301076,1909f56bfc062723c751e8b465ee728b)  -> (artifact id: 'c77526db53d9864033799c87fe80a8ec') in 0.019768 seconds 
========================================================================
Received Prepare
Registering precompiled user dll's ...
Registered in 0.004293 seconds.
Begin MonoManager ReloadAssembly
Symbol file LoadedFromMemory doesn't match image C:\Users\USER\Desktop\T2\unity_0818_3D_rio\unity_0818_3D_rio\Library\PackageCache\com.unity.visualscripting@1.7.6\Editor\VisualScripting.Core\Dependencies\YamlDotNet\Unity.VisualScripting.YamlDotNet.dll
Symbol file LoadedFromMemory doesn't match image C:\Users\USER\Desktop\T2\unity_0818_3D_rio\unity_0818_3D_rio\Library\PackageCache\com.unity.visualscripting@1.7.6\Editor\VisualScripting.Core\Dependencies\DotNetZip\Unity.VisualScripting.IonicZip.dll
Native extension for WindowsStandalone target not found
Native extension for Android target not found
Native extension for WebGL target not found
Refreshing native plugins compatible for Editor in 0.92 ms, found 3 plugins.
Preloading 0 native plugins for Editor in 0.00 ms.
Mono: successfully reloaded assembly
- Completed reload, in  1.166 seconds
Domain Reload Profiling:
	ReloadAssembly (1167ms)
		BeginReloadAssembly (161ms)
			ExecutionOrderSort (0ms)
			DisableScriptedObjects (6ms)
			BackupInstance (0ms)
			ReleaseScriptingObjects (0ms)
			CreateAndSetChildDomain (49ms)
		EndReloadAssembly (897ms)
			LoadAssemblies (96ms)
			RebuildTransferFunctionScriptingTraits (0ms)
			SetupTypeCache (315ms)
			ReleaseScriptCaches (2ms)
			RebuildScriptCaches (52ms)
			SetupLoadedEditorAssemblies (383ms)
				LogAssemblyErrors (0ms)
				InitializePlatformSupportModulesInManaged (26ms)
				SetLoadedEditorAssemblies (1ms)
				RefreshPlugins (1ms)
				BeforeProcessingInitializeOnLoad (78ms)
				ProcessInitializeOnLoadAttributes (239ms)
				ProcessInitializeOnLoadMethodAttributes (31ms)
				AfterProcessingInitializeOnLoad (7ms)
				EditorAssembliesLoaded (0ms)
			ExecutionOrderSort2 (0ms)
			AwakeInstancesAfterBackupRestoration (7ms)
Platform modules already initialized, skipping
Refreshing native plugins compatible for Editor in 2.09 ms, found 3 plugins.
Preloading 0 native plugins for Editor in 0.00 ms.
Unloading 3402 Unused Serialized files (Serialized files now loaded: 0)
Unloading 32 unused Assets / (0.7 MB). Loaded Objects now: 3910.
Memory consumption went from 123.3 MB to 122.6 MB.
Total: 4.503900 ms (FindLiveObjects: 0.350100 ms CreateObjectMapping: 0.160000 ms MarkObjects: 3.533800 ms  DeleteObjects: 0.459100 ms)

AssetImportParameters requested are different than current active one (requested -> active):
  custom:video-decoder-ogg-theora: a1e56fd34408186e4bbccfd4996cb3dc -> 
  custom:container-muxer-webm: aa71ff27fc2769a1b78a27578f13a17b -> 
  custom:container-demuxer-webm: 4f35f7cbe854078d1ac9338744f61a02 -> 
  custom:video-encoder-webm-vp8: eb34c28f22e8b96e1ab97ce403110664 -> 
  custom:audio-encoder-webm-vorbis: bf7c407c2cedff20999df2af8eb42d56 -> 
  custom:framework-win-MediaFoundation: 216162199b28c13a410421893ffa2e32 -> 
  custom:container-demuxer-ogg: 62fdf1f143b41e24485cea50d1cbac27 -> 
  custom:video-decoder-webm-vp8: 9c59270c3fd7afecdb556c50c9e8de78 -> 
  custom:audio-decoder-ogg-vorbis: bf7c407c2cedff20999df2af8eb42d56 -> 
========================================================================
Received Import Request.
  Time since last request: 1407.215844 seconds.
  path: Assets/TextMesh Pro/Examples & Extras/Textures/Sunny Days - Seamless.jpg
  artifactKey: Guid(17c350171f7a3ca479f830547c66d187) Importer(815301076,1909f56bfc062723c751e8b465ee728b)
Start importing Assets/TextMesh Pro/Examples & Extras/Textures/Sunny Days - Seamless.jpg using Guid(17c350171f7a3ca479f830547c66d187) Importer(815301076,1909f56bfc062723c751e8b465ee728b)  -> (artifact id: 'ce42844709058cfd54be27b4df2e051d') in 0.063709 seconds 
========================================================================
Received Import Request.
  Time since last request: 680.030155 seconds.
  path: Assets/TextMesh Pro/Resources/setofont.ttf
  artifactKey: Guid(3d97a76b3d1d9304f9b8d1b22c59fa02) Importer(815301076,1909f56bfc062723c751e8b465ee728b)
Start importing Assets/TextMesh Pro/Resources/setofont.ttf using Guid(3d97a76b3d1d9304f9b8d1b22c59fa02) Importer(815301076,1909f56bfc062723c751e8b465ee728b)  -> (artifact id: '2ef92c263a4cfa95230d7a4d50c3cab4') in 0.085896 seconds 
========================================================================
Received Import Request.
  Time since last request: 0.907467 seconds.
  path: Assets/TextMesh Pro/Resources/setofont-ex.ttf
  artifactKey: Guid(900f32cb8008ebd48889914dfe44d977) Importer(815301076,1909f56bfc062723c751e8b465ee728b)
Start importing Assets/TextMesh Pro/Resources/setofont-ex.ttf using Guid(900f32cb8008ebd48889914dfe44d977) Importer(815301076,1909f56bfc062723c751e8b465ee728b)  -> (artifact id: '9d042cd6bc8a49ffad6c21699efab7ad') in 0.034157 seconds 
========================================================================
Received Import Request.
  Time since last request: 25.856812 seconds.
  path: Assets/TextMesh Pro/Resources/TMP Settings.asset
  artifactKey: Guid(3f5b5dff67a942289a9defa416b206f3) Importer(815301076,1909f56bfc062723c751e8b465ee728b)
Start importing Assets/TextMesh Pro/Resources/TMP Settings.asset using Guid(3f5b5dff67a942289a9defa416b206f3) Importer(815301076,1909f56bfc062723c751e8b465ee728b)  -> (artifact id: '7d39d3b365ae06f4a5d582e5614ba55e') in 0.058917 seconds 
========================================================================
Received Import Request.
  Time since last request: 147.006737 seconds.
  path: Assets/TextMesh Pro/Resources/setofont/setofont.ttf
  artifactKey: Guid(78e65b712e16ed44296ffd8d608ba463) Importer(815301076,1909f56bfc062723c751e8b465ee728b)
Start importing Assets/TextMesh Pro/Resources/setofont/setofont.ttf using Guid(78e65b712e16ed44296ffd8d608ba463) Importer(815301076,1909f56bfc062723c751e8b465ee728b)  -> (artifact id: 'd6462efe9b976083d5e972320ed2713c') in 0.033429 seconds 
========================================================================
Received Import Request.
  Time since last request: 7.397991 seconds.
  path: Assets/TextMesh Pro/Resources/setofont
  artifactKey: Guid(a2f27edee8b58da49876d74ae668587e) Importer(815301076,1909f56bfc062723c751e8b465ee728b)
Start importing Assets/TextMesh Pro/Resources/setofont using Guid(a2f27edee8b58da49876d74ae668587e) Importer(815301076,1909f56bfc062723c751e8b465ee728b)  -> (artifact id: 'df8f04f4633040466176ba880f0fb451') in 0.003128 seconds 
========================================================================
Received Import Request.
  Time since last request: 4.684832 seconds.
  path: Assets/TextMesh Pro/Resources/setofont/setofont-ex.ttf
  artifactKey: Guid(fc330bf403d8d594b9bf7361972fd2d8) Importer(815301076,1909f56bfc062723c751e8b465ee728b)
Start importing Assets/TextMesh Pro/Resources/setofont/setofont-ex.ttf using Guid(fc330bf403d8d594b9bf7361972fd2d8) Importer(815301076,1909f56bfc062723c751e8b465ee728b)  -> (artifact id: 'd9d350d4efcfe4efdba8c6554d3ebcc8') in 0.021230 seconds 
========================================================================
Received Import Request.
  Time since last request: 96.543810 seconds.
  path: Assets/TextMesh Pro/Resources/Sprite Assets/EmojiOne.asset
  artifactKey: Guid(c41005c129ba4d66911b75229fd70b45) Importer(815301076,1909f56bfc062723c751e8b465ee728b)
Start importing Assets/TextMesh Pro/Resources/Sprite Assets/EmojiOne.asset using Guid(c41005c129ba4d66911b75229fd70b45) Importer(815301076,1909f56bfc062723c751e8b465ee728b)  -> (artifact id: '3950451084668360d05945240589cf11') in 0.013339 seconds 
========================================================================
Received Import Request.
  Time since last request: 15.478622 seconds.
  path: Assets/TextMesh Pro/Resources/setofont/readme.txt
  artifactKey: Guid(4620fae3b915cad4dbfbe9f8b2782e50) Importer(815301076,1909f56bfc062723c751e8b465ee728b)
Start importing Assets/TextMesh Pro/Resources/setofont/readme.txt using Guid(4620fae3b915cad4dbfbe9f8b2782e50) Importer(815301076,1909f56bfc062723c751e8b465ee728b)  -> (artifact id: '77c085fd80de545eb696fe226b5bbaa4') in 0.013529 seconds 
========================================================================
Received Import Request.
  Time since last request: 53.379782 seconds.
  path: Assets/TextMesh Pro/Resources/Fonts & Materials/LiberationSans SDF - Fallback.asset
  artifactKey: Guid(2e498d1c8094910479dc3e1b768306a4) Importer(815301076,1909f56bfc062723c751e8b465ee728b)
Start importing Assets/TextMesh Pro/Resources/Fonts & Materials/LiberationSans SDF - Fallback.asset using Guid(2e498d1c8094910479dc3e1b768306a4) Importer(815301076,1909f56bfc062723c751e8b465ee728b)  -> (artifact id: 'b165b2fd94449fd5247aaa0909a42376') in 0.087341 seconds 
========================================================================
Received Import Request.
  Time since last request: 814.483921 seconds.
  path: Assets/TextMesh Pro/Resources/Fonts & Materials
  artifactKey: Guid(731f1baa9d144a9897cb1d341c2092b8) Importer(815301076,1909f56bfc062723c751e8b465ee728b)
Start importing Assets/TextMesh Pro/Resources/Fonts & Materials using Guid(731f1baa9d144a9897cb1d341c2092b8) Importer(815301076,1909f56bfc062723c751e8b465ee728b)  -> (artifact id: 'a8a5343dd66316b9eb35bafbffda078a') in 0.010183 seconds 
========================================================================
Received Import Request.
  Time since last request: 2.467825 seconds.
  path: Assets/TextMesh Pro/Resources
  artifactKey: Guid(243e06394e614e5d99fab26083b707fa) Importer(815301076,1909f56bfc062723c751e8b465ee728b)
Start importing Assets/TextMesh Pro/Resources using Guid(243e06394e614e5d99fab26083b707fa) Importer(815301076,1909f56bfc062723c751e8b465ee728b)  -> (artifact id: '73107d1020a62e3def86c468d2a05456') in 0.009412 seconds 
========================================================================
Received Import Request.
  Time since last request: 1374.330553 seconds.
  path: Assets/TextMesh Pro/Sprites/EmojiOne.png
  artifactKey: Guid(dffef66376be4fa480fb02b19edbe903) Importer(815301076,1909f56bfc062723c751e8b465ee728b)
Start importing Assets/TextMesh Pro/Sprites/EmojiOne.png using Guid(dffef66376be4fa480fb02b19edbe903) Importer(815301076,1909f56bfc062723c751e8b465ee728b)  -> (artifact id: '3fa7e35e7708e32617ab4555a5c07f27') in 0.022965 seconds 
========================================================================
Received Import Request.
  Time since last request: 4.972363 seconds.
  path: Assets/TextMesh Pro/Shaders/TMP_SDF-Mobile SSD.shader
  artifactKey: Guid(c8d12adcee749c344b8117cf7c7eb912) Importer(815301076,1909f56bfc062723c751e8b465ee728b)
Start importing Assets/TextMesh Pro/Shaders/TMP_SDF-Mobile SSD.shader using Guid(c8d12adcee749c344b8117cf7c7eb912) Importer(815301076,1909f56bfc062723c751e8b465ee728b)  -> (artifact id: 'f4ad60165f0f8bbe7e71aec50b603779') in 0.012475 seconds 
========================================================================
Received Import Request.
  Time since last request: 0.902206 seconds.
  path: Assets/TextMesh Pro/Shaders/TMP_SDF SSD.shader
  artifactKey: Guid(14eb328de4b8eb245bb7cea29e4ac00b) Importer(815301076,1909f56bfc062723c751e8b465ee728b)
Start importing Assets/TextMesh Pro/Shaders/TMP_SDF SSD.shader using Guid(14eb328de4b8eb245bb7cea29e4ac00b) Importer(815301076,1909f56bfc062723c751e8b465ee728b)  -> (artifact id: '96173842cfbc91eda06455f4c73f8d56') in 0.011780 seconds 
========================================================================
Received Import Request.
  Time since last request: 11.256465 seconds.
  path: Assets/TextMesh Pro/Fonts
  artifactKey: Guid(6ab70aee4d56447429c680537fbf93ed) Importer(815301076,1909f56bfc062723c751e8b465ee728b)
Start importing Assets/TextMesh Pro/Fonts using Guid(6ab70aee4d56447429c680537fbf93ed) Importer(815301076,1909f56bfc062723c751e8b465ee728b)  -> (artifact id: '7c35bbd85dc86dd2ef332d439fd9c360') in 0.008891 seconds 
========================================================================
Received Import Request.
  Time since last request: 4.696666 seconds.
  path: Assets/TextMesh Pro/Fonts/LiberationSans.ttf
  artifactKey: Guid(e3265ab4bf004d28a9537516768c1c75) Importer(815301076,1909f56bfc062723c751e8b465ee728b)
Start importing Assets/TextMesh Pro/Fonts/LiberationSans.ttf using Guid(e3265ab4bf004d28a9537516768c1c75) Importer(815301076,1909f56bfc062723c751e8b465ee728b)  -> (artifact id: 'f3bd036785823e2281556a384dd6489b') in 0.024067 seconds 
========================================================================
Received Import Request.
  Time since last request: 14.973513 seconds.
  path: Assets/素材/Texture2
  artifactKey: Guid(851ca8965f552e34cb5a758407fb87dc) Importer(815301076,1909f56bfc062723c751e8b465ee728b)
Start importing Assets/素材/Texture2 using Guid(851ca8965f552e34cb5a758407fb87dc) Importer(815301076,1909f56bfc062723c751e8b465ee728b)  -> (artifact id: 'bde9a1425e0fc2dac884b2162ff13cee') in 0.009876 seconds 
========================================================================
Received Prepare
Registering precompiled user dll's ...
Registered in 0.004123 seconds.
Begin MonoManager ReloadAssembly
Symbol file LoadedFromMemory doesn't match image C:\Users\USER\Desktop\T2\unity_0818_3D_rio\unity_0818_3D_rio\Library\PackageCache\com.unity.visualscripting@1.7.6\Editor\VisualScripting.Core\Dependencies\YamlDotNet\Unity.VisualScripting.YamlDotNet.dll
Symbol file LoadedFromMemory doesn't match image C:\Users\USER\Desktop\T2\unity_0818_3D_rio\unity_0818_3D_rio\Library\PackageCache\com.unity.visualscripting@1.7.6\Editor\VisualScripting.Core\Dependencies\DotNetZip\Unity.VisualScripting.IonicZip.dll
Native extension for WindowsStandalone target not found
Native extension for Android target not found
Native extension for WebGL target not found
Refreshing native plugins compatible for Editor in 0.92 ms, found 3 plugins.
Preloading 0 native plugins for Editor in 0.00 ms.
Mono: successfully reloaded assembly
- Completed reload, in  1.208 seconds
Domain Reload Profiling:
	ReloadAssembly (1208ms)
		BeginReloadAssembly (158ms)
			ExecutionOrderSort (0ms)
			DisableScriptedObjects (5ms)
			BackupInstance (0ms)
			ReleaseScriptingObjects (0ms)
			CreateAndSetChildDomain (47ms)
		EndReloadAssembly (930ms)
			LoadAssemblies (96ms)
			RebuildTransferFunctionScriptingTraits (0ms)
			SetupTypeCache (322ms)
			ReleaseScriptCaches (2ms)
			RebuildScriptCaches (57ms)
			SetupLoadedEditorAssemblies (396ms)
				LogAssemblyErrors (0ms)
				InitializePlatformSupportModulesInManaged (27ms)
				SetLoadedEditorAssemblies (1ms)
				RefreshPlugins (1ms)
				BeforeProcessingInitializeOnLoad (88ms)
				ProcessInitializeOnLoadAttributes (245ms)
				ProcessInitializeOnLoadMethodAttributes (29ms)
				AfterProcessingInitializeOnLoad (6ms)
				EditorAssembliesLoaded (0ms)
			ExecutionOrderSort2 (0ms)
			AwakeInstancesAfterBackupRestoration (8ms)
Platform modules already initialized, skipping
Refreshing native plugins compatible for Editor in 2.27 ms, found 3 plugins.
Preloading 0 native plugins for Editor in 0.00 ms.
Unloading 3404 Unused Serialized files (Serialized files now loaded: 0)
Unloading 31 unused Assets / (0.7 MB). Loaded Objects now: 3956.
Memory consumption went from 123.8 MB to 123.1 MB.
Total: 4.570700 ms (FindLiveObjects: 0.396500 ms CreateObjectMapping: 0.184800 ms MarkObjects: 3.509500 ms  DeleteObjects: 0.478600 ms)

AssetImportParameters requested are different than current active one (requested -> active):
  custom:video-decoder-ogg-theora: a1e56fd34408186e4bbccfd4996cb3dc -> 
  custom:container-muxer-webm: aa71ff27fc2769a1b78a27578f13a17b -> 
  custom:container-demuxer-webm: 4f35f7cbe854078d1ac9338744f61a02 -> 
  custom:video-encoder-webm-vp8: eb34c28f22e8b96e1ab97ce403110664 -> 
  custom:audio-encoder-webm-vorbis: bf7c407c2cedff20999df2af8eb42d56 -> 
  custom:framework-win-MediaFoundation: 216162199b28c13a410421893ffa2e32 -> 
  custom:container-demuxer-ogg: 62fdf1f143b41e24485cea50d1cbac27 -> 
  custom:video-decoder-webm-vp8: 9c59270c3fd7afecdb556c50c9e8de78 -> 
  custom:audio-decoder-ogg-vorbis: bf7c407c2cedff20999df2af8eb42d56 -> 
========================================================================
Received Prepare
Registering precompiled user dll's ...
Registered in 0.004222 seconds.
Begin MonoManager ReloadAssembly
Symbol file LoadedFromMemory doesn't match image C:\Users\USER\Desktop\T2\unity_0818_3D_rio\unity_0818_3D_rio\Library\PackageCache\com.unity.visualscripting@1.7.6\Editor\VisualScripting.Core\Dependencies\YamlDotNet\Unity.VisualScripting.YamlDotNet.dll
Symbol file LoadedFromMemory doesn't match image C:\Users\USER\Desktop\T2\unity_0818_3D_rio\unity_0818_3D_rio\Library\PackageCache\com.unity.visualscripting@1.7.6\Editor\VisualScripting.Core\Dependencies\DotNetZip\Unity.VisualScripting.IonicZip.dll
Native extension for WindowsStandalone target not found
Native extension for Android target not found
Native extension for WebGL target not found
Refreshing native plugins compatible for Editor in 0.88 ms, found 3 plugins.
Preloading 0 native plugins for Editor in 0.00 ms.
Mono: successfully reloaded assembly
- Completed reload, in  1.167 seconds
Domain Reload Profiling:
	ReloadAssembly (1168ms)
		BeginReloadAssembly (158ms)
			ExecutionOrderSort (0ms)
			DisableScriptedObjects (5ms)
			BackupInstance (0ms)
			ReleaseScriptingObjects (0ms)
			CreateAndSetChildDomain (47ms)
		EndReloadAssembly (900ms)
			LoadAssemblies (101ms)
			RebuildTransferFunctionScriptingTraits (0ms)
			SetupTypeCache (310ms)
			ReleaseScriptCaches (2ms)
			RebuildScriptCaches (49ms)
			SetupLoadedEditorAssemblies (395ms)
				LogAssemblyErrors (0ms)
				InitializePlatformSupportModulesInManaged (25ms)
				SetLoadedEditorAssemblies (1ms)
				RefreshPlugins (1ms)
				BeforeProcessingInitializeOnLoad (78ms)
				ProcessInitializeOnLoadAttributes (249ms)
				ProcessInitializeOnLoadMethodAttributes (34ms)
				AfterProcessingInitializeOnLoad (7ms)
				EditorAssembliesLoaded (0ms)
			ExecutionOrderSort2 (0ms)
			AwakeInstancesAfterBackupRestoration (7ms)
Platform modules already initialized, skipping
Refreshing native plugins compatible for Editor in 2.42 ms, found 3 plugins.
Preloading 0 native plugins for Editor in 0.00 ms.
Unloading 3403 Unused Serialized files (Serialized files now loaded: 0)
Unloading 31 unused Assets / (0.7 MB). Loaded Objects now: 3959.
Memory consumption went from 123.7 MB to 123.0 MB.
Total: 4.603900 ms (FindLiveObjects: 0.413300 ms CreateObjectMapping: 0.256700 ms MarkObjects: 3.462700 ms  DeleteObjects: 0.470400 ms)

AssetImportParameters requested are different than current active one (requested -> active):
  custom:video-decoder-ogg-theora: a1e56fd34408186e4bbccfd4996cb3dc -> 
  custom:container-muxer-webm: aa71ff27fc2769a1b78a27578f13a17b -> 
  custom:container-demuxer-webm: 4f35f7cbe854078d1ac9338744f61a02 -> 
  custom:video-encoder-webm-vp8: eb34c28f22e8b96e1ab97ce403110664 -> 
  custom:audio-encoder-webm-vorbis: bf7c407c2cedff20999df2af8eb42d56 -> 
  custom:framework-win-MediaFoundation: 216162199b28c13a410421893ffa2e32 -> 
  custom:container-demuxer-ogg: 62fdf1f143b41e24485cea50d1cbac27 -> 
  custom:video-decoder-webm-vp8: 9c59270c3fd7afecdb556c50c9e8de78 -> 
  custom:audio-decoder-ogg-vorbis: bf7c407c2cedff20999df2af8eb42d56 -> 
========================================================================
Received Prepare
Registering precompiled user dll's ...
Registered in 0.004140 seconds.
Begin MonoManager ReloadAssembly
Symbol file LoadedFromMemory doesn't match image C:\Users\USER\Desktop\T2\unity_0818_3D_rio\unity_0818_3D_rio\Library\PackageCache\com.unity.visualscripting@1.7.6\Editor\VisualScripting.Core\Dependencies\YamlDotNet\Unity.VisualScripting.YamlDotNet.dll
Symbol file LoadedFromMemory doesn't match image C:\Users\USER\Desktop\T2\unity_0818_3D_rio\unity_0818_3D_rio\Library\PackageCache\com.unity.visualscripting@1.7.6\Editor\VisualScripting.Core\Dependencies\DotNetZip\Unity.VisualScripting.IonicZip.dll
Native extension for WindowsStandalone target not found
Native extension for Android target not found
Native extension for WebGL target not found
Refreshing native plugins compatible for Editor in 0.87 ms, found 3 plugins.
Preloading 0 native plugins for Editor in 0.00 ms.
Mono: successfully reloaded assembly
- Completed reload, in  1.169 seconds
Domain Reload Profiling:
	ReloadAssembly (1170ms)
		BeginReloadAssembly (155ms)
			ExecutionOrderSort (0ms)
			DisableScriptedObjects (5ms)
			BackupInstance (0ms)
			ReleaseScriptingObjects (0ms)
			CreateAndSetChildDomain (44ms)
		EndReloadAssembly (905ms)
			LoadAssemblies (98ms)
			RebuildTransferFunctionScriptingTraits (0ms)
			SetupTypeCache (307ms)
			ReleaseScriptCaches (2ms)
			RebuildScriptCaches (47ms)
			SetupLoadedEditorAssemblies (402ms)
				LogAssemblyErrors (0ms)
				InitializePlatformSupportModulesInManaged (25ms)
				SetLoadedEditorAssemblies (1ms)
				RefreshPlugins (1ms)
				BeforeProcessingInitializeOnLoad (77ms)
				ProcessInitializeOnLoadAttributes (254ms)
				ProcessInitializeOnLoadMethodAttributes (37ms)
				AfterProcessingInitializeOnLoad (7ms)
				EditorAssembliesLoaded (0ms)
			ExecutionOrderSort2 (0ms)
			AwakeInstancesAfterBackupRestoration (8ms)
Platform modules already initialized, skipping
Refreshing native plugins compatible for Editor in 2.33 ms, found 3 plugins.
Preloading 0 native plugins for Editor in 0.00 ms.
Unloading 3403 Unused Serialized files (Serialized files now loaded: 0)
Unloading 31 unused Assets / (0.7 MB). Loaded Objects now: 3962.
Memory consumption went from 123.7 MB to 123.0 MB.
Total: 4.552500 ms (FindLiveObjects: 0.357200 ms CreateObjectMapping: 0.178400 ms MarkObjects: 3.547400 ms  DeleteObjects: 0.468500 ms)

AssetImportParameters requested are different than current active one (requested -> active):
  custom:video-decoder-ogg-theora: a1e56fd34408186e4bbccfd4996cb3dc -> 
  custom:container-muxer-webm: aa71ff27fc2769a1b78a27578f13a17b -> 
  custom:container-demuxer-webm: 4f35f7cbe854078d1ac9338744f61a02 -> 
  custom:video-encoder-webm-vp8: eb34c28f22e8b96e1ab97ce403110664 -> 
  custom:audio-encoder-webm-vorbis: bf7c407c2cedff20999df2af8eb42d56 -> 
  custom:framework-win-MediaFoundation: 216162199b28c13a410421893ffa2e32 -> 
  custom:container-demuxer-ogg: 62fdf1f143b41e24485cea50d1cbac27 -> 
  custom:video-decoder-webm-vp8: 9c59270c3fd7afecdb556c50c9e8de78 -> 
  custom:audio-decoder-ogg-vorbis: bf7c407c2cedff20999df2af8eb42d56 -> 
========================================================================
Received Import Request.
  Time since last request: 6825.119803 seconds.
  path: Assets/UI/life_2.png
  artifactKey: Guid(82fe3a0a8dea5a740ba2859f221b948c) Importer(815301076,1909f56bfc062723c751e8b465ee728b)
Start importing Assets/UI/life_2.png using Guid(82fe3a0a8dea5a740ba2859f221b948c) Importer(815301076,1909f56bfc062723c751e8b465ee728b)  -> (artifact id: '3dd9960c698d5b33df27eebda3482aa2') in 0.107844 seconds 
========================================================================
Received Import Request.
  Time since last request: 0.000042 seconds.
  path: Assets/UI/result_lose.png
  artifactKey: Guid(95cbc6ebe09f7d646a68792b6cde1e43) Importer(815301076,1909f56bfc062723c751e8b465ee728b)
Start importing Assets/UI/result_lose.png using Guid(95cbc6ebe09f7d646a68792b6cde1e43) Importer(815301076,1909f56bfc062723c751e8b465ee728b)  -> (artifact id: 'cdf628019d8402ed8a55105f6053ee64') in 0.028456 seconds 
========================================================================
Received Import Request.
  Time since last request: 0.000040 seconds.
  path: Assets/UI/num_3.png
  artifactKey: Guid(bac2da0123dfd7a4c92862d907bebf19) Importer(815301076,1909f56bfc062723c751e8b465ee728b)
Start importing Assets/UI/num_3.png using Guid(bac2da0123dfd7a4c92862d907bebf19) Importer(815301076,1909f56bfc062723c751e8b465ee728b)  -> (artifact id: '41596c383cd513bda317faedf04c3b43') in 0.022218 seconds 
========================================================================
Received Import Request.
  Time since last request: 0.000027 seconds.
  path: Assets/UI/ghost.png
  artifactKey: Guid(4eefbc328e721aa48949fe4b50d79a6f) Importer(815301076,1909f56bfc062723c751e8b465ee728b)
Start importing Assets/UI/ghost.png using Guid(4eefbc328e721aa48949fe4b50d79a6f) Importer(815301076,1909f56bfc062723c751e8b465ee728b)  -> (artifact id: 'c33af2e7d144f1775be20c621a54c892') in 0.020839 seconds 
========================================================================
Received Import Request.
  Time since last request: 0.000027 seconds.
  path: Assets/UI/bar_3.png
  artifactKey: Guid(2b101952593ebb348a3488125cb06086) Importer(815301076,1909f56bfc062723c751e8b465ee728b)
Start importing Assets/UI/bar_3.png using Guid(2b101952593ebb348a3488125cb06086) Importer(815301076,1909f56bfc062723c751e8b465ee728b)  -> (artifact id: 'cd10fdc415357c56c1a83a014c4fda07') in 0.027251 seconds 
========================================================================
Received Import Request.
  Time since last request: 0.000029 seconds.
  path: Assets/UI/result_replay.png
  artifactKey: Guid(b412516a8aaa12b48b9d18d813a328f0) Importer(815301076,1909f56bfc062723c751e8b465ee728b)
Start importing Assets/UI/result_replay.png using Guid(b412516a8aaa12b48b9d18d813a328f0) Importer(815301076,1909f56bfc062723c751e8b465ee728b)  -> (artifact id: 'ac2b4f56a02f646c4f5bd3bb5690c424') in 0.023194 seconds 
========================================================================
Received Import Request.
  Time since last request: 0.000042 seconds.
  path: Assets/UI/pause_continue.png
  artifactKey: Guid(28b4208054d03d04e83c00b58e1f740f) Importer(815301076,1909f56bfc062723c751e8b465ee728b)
Start importing Assets/UI/pause_continue.png using Guid(28b4208054d03d04e83c00b58e1f740f) Importer(815301076,1909f56bfc062723c751e8b465ee728b)  -> (artifact id: 'ccd59a96a82964005bcdd31d4291e6eb') in 0.021256 seconds 
========================================================================
Received Import Request.
  Time since last request: 0.000027 seconds.
  path: Assets/UI/num_1.png
  artifactKey: Guid(635230c7af8586844bcbd8d623a22c41) Importer(815301076,1909f56bfc062723c751e8b465ee728b)
Start importing Assets/UI/num_1.png using Guid(635230c7af8586844bcbd8d623a22c41) Importer(815301076,1909f56bfc062723c751e8b465ee728b)  -> (artifact id: 'debd4471f4d3d472fbfbd44d10ab6e35') in 0.023179 seconds 
========================================================================
Received Import Request.
  Time since last request: 0.000028 seconds.
  path: Assets/UI/life_4.png
  artifactKey: Guid(b50b3960d9f51d64c82ff7034a4684b9) Importer(815301076,1909f56bfc062723c751e8b465ee728b)
Start importing Assets/UI/life_4.png using Guid(b50b3960d9f51d64c82ff7034a4684b9) Importer(815301076,1909f56bfc062723c751e8b465ee728b)  -> (artifact id: '3e5fb38126b9d962aa522a86f51e5382') in 0.020648 seconds 
========================================================================
Received Import Request.
  Time since last request: 0.000030 seconds.
  path: Assets/UI/num_7.png
  artifactKey: Guid(c4d8b9035b57b134eaad0a5ac373f03a) Importer(815301076,1909f56bfc062723c751e8b465ee728b)
Start importing Assets/UI/num_7.png using Guid(c4d8b9035b57b134eaad0a5ac373f03a) Importer(815301076,1909f56bfc062723c751e8b465ee728b)  -> (artifact id: '695d46e7ced8f12bf7b908752066b515') in 0.019499 seconds 
========================================================================
Received Import Request.
  Time since last request: 0.000036 seconds.
  path: Assets/UI/result_back.png
  artifactKey: Guid(29e2154a65aac4745892b28220dc350b) Importer(815301076,1909f56bfc062723c751e8b465ee728b)
Start importing Assets/UI/result_back.png using Guid(29e2154a65aac4745892b28220dc350b) Importer(815301076,1909f56bfc062723c751e8b465ee728b)  -> (artifact id: '2ccb412c6290d7a1276ee5ad95e1e746') in 0.023012 seconds 
========================================================================
Received Import Request.
  Time since last request: 0.000027 seconds.
  path: Assets/UI/num_4.png
  artifactKey: Guid(5f2aa27735872dd42a378b72c5385621) Importer(815301076,1909f56bfc062723c751e8b465ee728b)
Start importing Assets/UI/num_4.png using Guid(5f2aa27735872dd42a378b72c5385621) Importer(815301076,1909f56bfc062723c751e8b465ee728b)  -> (artifact id: '1fb4f1a308ce0028efb1202cfb12a6c3') in 0.019005 seconds 
========================================================================
Received Import Request.
  Time since last request: 0.000026 seconds.
  path: Assets/UI/pause_title.png
  artifactKey: Guid(b6e87e562d8294d45a809597f681369c) Importer(815301076,1909f56bfc062723c751e8b465ee728b)
Start importing Assets/UI/pause_title.png using Guid(b6e87e562d8294d45a809597f681369c) Importer(815301076,1909f56bfc062723c751e8b465ee728b)  -> (artifact id: 'c316b30cc074fd0ca064d6d041a8579e') in 0.026990 seconds 
========================================================================
Received Import Request.
  Time since last request: 0.000034 seconds.
  path: Assets/UI/result_next.png
  artifactKey: Guid(19963fff9d3caf147be24c58c583bcd9) Importer(815301076,1909f56bfc062723c751e8b465ee728b)
Start importing Assets/UI/result_next.png using Guid(19963fff9d3caf147be24c58c583bcd9) Importer(815301076,1909f56bfc062723c751e8b465ee728b)  -> (artifact id: '756fc530464be0d12c516cb9884311f2') in 0.027136 seconds 
========================================================================
Received Import Request.
  Time since last request: 0.000036 seconds.
  path: Assets/UI/pause_back.png
  artifactKey: Guid(e121d322a354c5346b0613d60152a4c2) Importer(815301076,1909f56bfc062723c751e8b465ee728b)
Start importing Assets/UI/pause_back.png using Guid(e121d322a354c5346b0613d60152a4c2) Importer(815301076,1909f56bfc062723c751e8b465ee728b)  -> (artifact id: 'ec146ecb13d538d32076b7acfdd4eff6') in 0.026569 seconds 
========================================================================
Received Import Request.
  Time since last request: 1.091174 seconds.
  path: Assets/UI/bar_2.png
  artifactKey: Guid(8c7c681422cb1df4088cff85b8c801dc) Importer(815301076,1909f56bfc062723c751e8b465ee728b)
Start importing Assets/UI/bar_2.png using Guid(8c7c681422cb1df4088cff85b8c801dc) Importer(815301076,1909f56bfc062723c751e8b465ee728b)  -> (artifact id: 'e7067dbd9270635a4e221c5b3a34ab39') in 0.022267 seconds 
========================================================================
Received Import Request.
  Time since last request: 1.915011 seconds.
  path: Assets/UI/bar_1.png
  artifactKey: Guid(8a78d7cc4a7d4cc4da4af59b56d4693e) Importer(815301076,1909f56bfc062723c751e8b465ee728b)
Start importing Assets/UI/bar_1.png using Guid(8a78d7cc4a7d4cc4da4af59b56d4693e) Importer(815301076,1909f56bfc062723c751e8b465ee728b)  -> (artifact id: '7953198cc846cdad9cea850bc247defc') in 0.022495 seconds 
========================================================================
Received Import Request.
  Time since last request: 1.065127 seconds.
  path: Assets/UI/sound_close.png
  artifactKey: Guid(d5b01bfd54224fd4ba3d6c23c4d90644) Importer(815301076,1909f56bfc062723c751e8b465ee728b)
Start importing Assets/UI/sound_close.png using Guid(d5b01bfd54224fd4ba3d6c23c4d90644) Importer(815301076,1909f56bfc062723c751e8b465ee728b)  -> (artifact id: '55761bd9ebe3c9bb702a61118f2daeb6') in 0.020709 seconds 
========================================================================
Received Import Request.
  Time since last request: 0.000030 seconds.
  path: Assets/UI/title_bg 1.jpg
  artifactKey: Guid(49a823db3698ea94fb42890eebc0847c) Importer(815301076,1909f56bfc062723c751e8b465ee728b)
Start importing Assets/UI/title_bg 1.jpg using Guid(49a823db3698ea94fb42890eebc0847c) Importer(815301076,1909f56bfc062723c751e8b465ee728b)  -> (artifact id: '8c57472677397577e9838165091d08dd') in 0.045996 seconds 
========================================================================
Received Import Request.
  Time since last request: 0.272715 seconds.
  path: Assets/UI/title_bg 2.jpg
  artifactKey: Guid(80162794cfab37a4c9135ed0cc94a4bf) Importer(815301076,1909f56bfc062723c751e8b465ee728b)
Start importing Assets/UI/title_bg 2.jpg using Guid(80162794cfab37a4c9135ed0cc94a4bf) Importer(815301076,1909f56bfc062723c751e8b465ee728b)  -> (artifact id: 'c6dbc475562eb81964fad213e57d237b') in 0.066040 seconds 
========================================================================
Received Import Request.
  Time since last request: 180.552826 seconds.
  path: Assets/素材/Texture1/mazu_scene02a.jpg
  artifactKey: Guid(04698441f643fd1429d06b5e6cd6da9c) Importer(815301076,1909f56bfc062723c751e8b465ee728b)
Start importing Assets/素材/Texture1/mazu_scene02a.jpg using Guid(04698441f643fd1429d06b5e6cd6da9c) Importer(815301076,1909f56bfc062723c751e8b465ee728b)  -> (artifact id: 'd85456f7b1bd46b06c29446fe9f8fba2') in 0.075990 seconds 
========================================================================
Received Import Request.
  Time since last request: 0.000037 seconds.
  path: Assets/素材/Texture1/mazu_scene09.jpg
  artifactKey: Guid(b136cd02997a3fd4fa5c8a2ff876501c) Importer(815301076,1909f56bfc062723c751e8b465ee728b)
Start importing Assets/素材/Texture1/mazu_scene09.jpg using Guid(b136cd02997a3fd4fa5c8a2ff876501c) Importer(815301076,1909f56bfc062723c751e8b465ee728b)  -> (artifact id: '897d3133816707aa522380bbde0502ab') in 0.208114 seconds 
========================================================================
Received Import Request.
  Time since last request: 0.000038 seconds.
  path: Assets/素材/Texture1/mazu_scene06.jpg
  artifactKey: Guid(3bc9a869f1896d94394beea509a5d552) Importer(815301076,1909f56bfc062723c751e8b465ee728b)
Start importing Assets/素材/Texture1/mazu_scene06.jpg using Guid(3bc9a869f1896d94394beea509a5d552) Importer(815301076,1909f56bfc062723c751e8b465ee728b)  -> (artifact id: '0c0f0755963bea1146909a169e4fc87a') in 0.056025 seconds 
========================================================================
Received Import Request.
  Time since last request: 0.000027 seconds.
  path: Assets/素材/Texture1/mazu_scene07.jpg
  artifactKey: Guid(4aaeb4c504e23aa4ea42ca4892e8085d) Importer(815301076,1909f56bfc062723c751e8b465ee728b)
Start importing Assets/素材/Texture1/mazu_scene07.jpg using Guid(4aaeb4c504e23aa4ea42ca4892e8085d) Importer(815301076,1909f56bfc062723c751e8b465ee728b)  -> (artifact id: '1ea3ce0415f076a10708055ac1a66678') in 0.057829 seconds 
========================================================================
Received Import Request.
  Time since last request: 0.000029 seconds.
  path: Assets/素材/Texture1/mazu_scene10a.jpg
  artifactKey: Guid(48b2b75eb0d55e9429feddd804db5bde) Importer(815301076,1909f56bfc062723c751e8b465ee728b)
Start importing Assets/素材/Texture1/mazu_scene10a.jpg using Guid(48b2b75eb0d55e9429feddd804db5bde) Importer(815301076,1909f56bfc062723c751e8b465ee728b)  -> (artifact id: '0e98b672eba026f955ac546db6dd0a0d') in 0.038751 seconds 
========================================================================
Received Import Request.
  Time since last request: 0.514295 seconds.
  path: Assets/素材/Texture1/mazu_scene12.jpg
  artifactKey: Guid(f10336d796943c24d88315525a0ec7b3) Importer(815301076,1909f56bfc062723c751e8b465ee728b)
Start importing Assets/素材/Texture1/mazu_scene12.jpg using Guid(f10336d796943c24d88315525a0ec7b3) Importer(815301076,1909f56bfc062723c751e8b465ee728b)  -> (artifact id: '4a08a7a61d5d31f305239b91bad4db07') in 0.056562 seconds 
========================================================================
Received Import Request.
  Time since last request: 0.022731 seconds.
  path: Assets/素材/Texture1/mazu_scene17.jpg
  artifactKey: Guid(115d9efdf73d490479b8cc854b2d415a) Importer(815301076,1909f56bfc062723c751e8b465ee728b)
Start importing Assets/素材/Texture1/mazu_scene17.jpg using Guid(115d9efdf73d490479b8cc854b2d415a) Importer(815301076,1909f56bfc062723c751e8b465ee728b)  -> (artifact id: '1d24cad6a291f8d6ac589fdf8e0485d3') in 0.151724 seconds 
========================================================================
Received Import Request.
  Time since last request: 0.216236 seconds.
  path: Assets/素材/Texture1/mazu_scene19.jpg
  artifactKey: Guid(2abb39ecd3d2d444191676dace276b42) Importer(815301076,1909f56bfc062723c751e8b465ee728b)
Start importing Assets/素材/Texture1/mazu_scene19.jpg using Guid(2abb39ecd3d2d444191676dace276b42) Importer(815301076,1909f56bfc062723c751e8b465ee728b)  -> (artifact id: '2d88458cd2ac36cc69e5c32939a21797') in 0.152882 seconds 
========================================================================
Received Import Request.
  Time since last request: 0.000033 seconds.
  path: Assets/素材/Texture1/skill_2.png
  artifactKey: Guid(0d085ea3a6f733340998dcfca4795ff2) Importer(815301076,1909f56bfc062723c751e8b465ee728b)
Start importing Assets/素材/Texture1/skill_2.png using Guid(0d085ea3a6f733340998dcfca4795ff2) Importer(815301076,1909f56bfc062723c751e8b465ee728b)  -> (artifact id: 'd13f7a1a4dcfa42b642472c58b0e8f91') in 0.033305 seconds 
========================================================================
Received Import Request.
  Time since last request: 0.000031 seconds.
  path: Assets/素材/Texture1/soul.psd
  artifactKey: Guid(4fa4b926c44ebad4daf1680c7abefad8) Importer(815301076,1909f56bfc062723c751e8b465ee728b)
Start importing Assets/素材/Texture1/soul.psd using Guid(4fa4b926c44ebad4daf1680c7abefad8) Importer(815301076,1909f56bfc062723c751e8b465ee728b)  -> (artifact id: '6b2b39913cacd095728b0325a2364daf') in 0.024552 seconds 
========================================================================
Received Import Request.
  Time since last request: 0.000043 seconds.
  path: Assets/素材/Texture1/shadow.png
  artifactKey: Guid(2639e48cfb05f334597610e1e1ed6266) Importer(815301076,1909f56bfc062723c751e8b465ee728b)
Start importing Assets/素材/Texture1/shadow.png using Guid(2639e48cfb05f334597610e1e1ed6266) Importer(815301076,1909f56bfc062723c751e8b465ee728b)  -> (artifact id: 'd9bb2eea8cc57f9e75b0265a69409b06') in 0.022183 seconds 
========================================================================
Received Import Request.
  Time since last request: 0.145530 seconds.
  path: Assets/素材/Texture1/start.png
  artifactKey: Guid(c6da7c5f51646b746bada53761cccc88) Importer(815301076,1909f56bfc062723c751e8b465ee728b)
Start importing Assets/素材/Texture1/start.png using Guid(c6da7c5f51646b746bada53761cccc88) Importer(815301076,1909f56bfc062723c751e8b465ee728b)  -> (artifact id: '429fbc500109ab52315c05020fc07055') in 0.025060 seconds 
========================================================================
Received Import Request.
  Time since last request: 0.000034 seconds.
  path: Assets/素材/Texture1/text 1.png
  artifactKey: Guid(f4083fc43e8532c44aa9a22021ea2de1) Importer(815301076,1909f56bfc062723c751e8b465ee728b)
Start importing Assets/素材/Texture1/text 1.png using Guid(f4083fc43e8532c44aa9a22021ea2de1) Importer(815301076,1909f56bfc062723c751e8b465ee728b)  -> (artifact id: '8451eb3bd5d9ef100936a61d82dc4ee3') in 0.042945 seconds 
========================================================================
Received Import Request.
  Time since last request: 0.000038 seconds.
  path: Assets/素材/Texture1/tree_1.jpg
  artifactKey: Guid(f0d3cd84eb4fcc5458fd784062d91be5) Importer(815301076,1909f56bfc062723c751e8b465ee728b)
Start importing Assets/素材/Texture1/tree_1.jpg using Guid(f0d3cd84eb4fcc5458fd784062d91be5) Importer(815301076,1909f56bfc062723c751e8b465ee728b)  -> (artifact id: '03095f050f382c9b59efe06045a5c035') in 0.035068 seconds 
========================================================================
Received Import Request.
  Time since last request: 0.000027 seconds.
  path: Assets/素材/Texture1/wood.png
  artifactKey: Guid(46190ebf5fdd87c4693f3eaa17e5e61f) Importer(815301076,1909f56bfc062723c751e8b465ee728b)
Start importing Assets/素材/Texture1/wood.png using Guid(46190ebf5fdd87c4693f3eaa17e5e61f) Importer(815301076,1909f56bfc062723c751e8b465ee728b)  -> (artifact id: '4fbb11121203f807fd51ad924e5ad0e1') in 0.122607 seconds 
========================================================================
Received Import Request.
  Time since last request: 0.000026 seconds.
  path: Assets/素材/Texture1/wall_hurt 1.jpg
  artifactKey: Guid(836efe2c798102148811de3f691030d8) Importer(815301076,1909f56bfc062723c751e8b465ee728b)
Start importing Assets/素材/Texture1/wall_hurt 1.jpg using Guid(836efe2c798102148811de3f691030d8) Importer(815301076,1909f56bfc062723c751e8b465ee728b)  -> (artifact id: '9f3815d8908ffbaa2d1d27479bc601a4') in 0.069351 seconds 
========================================================================
Received Import Request.
  Time since last request: 1.901774 seconds.
  path: Assets/素材/Texture2/mazu_scene10a.jpg
  artifactKey: Guid(ed471ec13c886b243bc2249764dbf51f) Importer(815301076,1909f56bfc062723c751e8b465ee728b)
Start importing Assets/素材/Texture2/mazu_scene10a.jpg using Guid(ed471ec13c886b243bc2249764dbf51f) Importer(815301076,1909f56bfc062723c751e8b465ee728b)  -> (artifact id: 'edbb81ed0c42598d2444879b77bb608d') in 0.020442 seconds 
========================================================================
Received Import Request.
  Time since last request: 0.000043 seconds.
  path: Assets/素材/Texture2/mazu_scene13.jpg
  artifactKey: Guid(2b7c68028487e434f9d3a0e79cace5c6) Importer(815301076,1909f56bfc062723c751e8b465ee728b)
Start importing Assets/素材/Texture2/mazu_scene13.jpg using Guid(2b7c68028487e434f9d3a0e79cace5c6) Importer(815301076,1909f56bfc062723c751e8b465ee728b)  -> (artifact id: '2f85f589d7f749101b9bca3ea1ad8b5d') in 0.015961 seconds 
========================================================================
Received Import Request.
  Time since last request: 0.000029 seconds.
  path: Assets/素材/Texture2/mazu_scene18.jpg
  artifactKey: Guid(a37e4356f837fe64eaece702f1c534ce) Importer(815301076,1909f56bfc062723c751e8b465ee728b)
Start importing Assets/素材/Texture2/mazu_scene18.jpg using Guid(a37e4356f837fe64eaece702f1c534ce) Importer(815301076,1909f56bfc062723c751e8b465ee728b)  -> (artifact id: '6a2dca7df42fbdece772983628aaacfa') in 0.017935 seconds 
========================================================================
Received Import Request.
  Time since last request: 0.000033 seconds.
  path: Assets/素材/Texture2/mazu_scene19.jpg
  artifactKey: Guid(387a757ba6162664da9be6731cb67d3b) Importer(815301076,1909f56bfc062723c751e8b465ee728b)
Start importing Assets/素材/Texture2/mazu_scene19.jpg using Guid(387a757ba6162664da9be6731cb67d3b) Importer(815301076,1909f56bfc062723c751e8b465ee728b)  -> (artifact id: '6c1bc110bcf32b05dc58e826f2bdb2be') in 0.018950 seconds 
========================================================================
Received Import Request.
  Time since last request: 1.394538 seconds.
  path: Assets/素材/Texture2/GOD_drum_d.png
  artifactKey: Guid(555a53dfd8708504e8dd8fa17dc8f8a2) Importer(815301076,1909f56bfc062723c751e8b465ee728b)
Start importing Assets/素材/Texture2/GOD_drum_d.png using Guid(555a53dfd8708504e8dd8fa17dc8f8a2) Importer(815301076,1909f56bfc062723c751e8b465ee728b)  -> (artifact id: '46c1dd6fe12af723d2e5906adc795340') in 0.018071 seconds 
========================================================================
Received Import Request.
  Time since last request: 0.462630 seconds.
  path: Assets/素材/Texture2/DG_05moon_01.jpg
  artifactKey: Guid(b1b02b70c27a40b47b5572e163327399) Importer(815301076,1909f56bfc062723c751e8b465ee728b)
Start importing Assets/素材/Texture2/DG_05moon_01.jpg using Guid(b1b02b70c27a40b47b5572e163327399) Importer(815301076,1909f56bfc062723c751e8b465ee728b)  -> (artifact id: '277072d3af306a5a7fa7443c012c8fb3') in 0.018035 seconds 
========================================================================
Received Import Request.
  Time since last request: 1.880883 seconds.
  path: Assets/素材/Texture1/5744966.jpg
  artifactKey: Guid(a4c6e4ab871d1fa45845b05bceb6d99c) Importer(815301076,1909f56bfc062723c751e8b465ee728b)
Start importing Assets/素材/Texture1/5744966.jpg using Guid(a4c6e4ab871d1fa45845b05bceb6d99c) Importer(815301076,1909f56bfc062723c751e8b465ee728b)  -> (artifact id: '1de961b600a03d9fc13f613e7bd1e511') in 0.074082 seconds 
========================================================================
Received Import Request.
  Time since last request: 0.000033 seconds.
  path: Assets/素材/Texture1/ensure.png
  artifactKey: Guid(c13bff916c3891c4ba20c9e0012f3d13) Importer(815301076,1909f56bfc062723c751e8b465ee728b)
Start importing Assets/素材/Texture1/ensure.png using Guid(c13bff916c3891c4ba20c9e0012f3d13) Importer(815301076,1909f56bfc062723c751e8b465ee728b)  -> (artifact id: '5392503716db74ef230135738c3228f8') in 0.044515 seconds 
========================================================================
Received Import Request.
  Time since last request: 0.000034 seconds.
  path: Assets/素材/Texture1/floor_1.jpg
  artifactKey: Guid(f0649730f363a1b4494f82d268d08e45) Importer(815301076,1909f56bfc062723c751e8b465ee728b)
Start importing Assets/素材/Texture1/floor_1.jpg using Guid(f0649730f363a1b4494f82d268d08e45) Importer(815301076,1909f56bfc062723c751e8b465ee728b)  -> (artifact id: 'b3fc7bf99d0eb8ebf518c05e17e60ff2') in 0.064245 seconds 
Editor requested this worker to shutdown with reason: Scaling down because of idle timeout
AssetImportWorker is now disconnected from the server
Process exiting
Exiting without the bug reporter. Application will terminate with return code 0