Using pre-set license
Built from '2021.3/staging' branch; Version is '2021.3.3f1 (af2e63e8f9bd) revision 11480675'; Using compiler version '192829333'; Build Type 'Release'
OS: 'Windows 10  (10.0.19044) 64bit Professional' Language: 'zh' Physical Memory: 130775 MB
BatchMode: 1, IsHumanControllingUs: 0, StartBugReporterOnCrash: 0, Is64bit: 1, IsPro: 1

COMMAND LINE ARGUMENTS:
C:\Program Files\Unity\Hub\Editor\2021.3.3f1\Editor\Unity.exe
-adb2
-batchMode
-noUpm
-name
AssetImportWorker17
-projectPath
C:/Users/USER/Desktop/T2/unity_0818_3D_rio/unity_0818_3D_rio
-logFile
Logs/AssetImportWorker17.log
-srvPort
9358
Successfully changed project path to: C:/Users/USER/Desktop/T2/unity_0818_3D_rio/unity_0818_3D_rio
C:/Users/USER/Desktop/T2/unity_0818_3D_rio/unity_0818_3D_rio
[UnityMemory] Configuration Parameters - Can be set up in boot.config
    "memorysetup-bucket-allocator-granularity=16"
    "memorysetup-bucket-allocator-bucket-count=8"
    "memorysetup-bucket-allocator-block-size=33554432"
    "memorysetup-bucket-allocator-block-count=8"
    "memorysetup-main-allocator-block-size=16777216"
    "memorysetup-thread-allocator-block-size=16777216"
    "memorysetup-gfx-main-allocator-block-size=16777216"
    "memorysetup-gfx-thread-allocator-block-size=16777216"
    "memorysetup-cache-allocator-block-size=4194304"
    "memorysetup-typetree-allocator-block-size=2097152"
    "memorysetup-profiler-bucket-allocator-granularity=16"
    "memorysetup-profiler-bucket-allocator-bucket-count=8"
    "memorysetup-profiler-bucket-allocator-block-size=33554432"
    "memorysetup-profiler-bucket-allocator-block-count=8"
    "memorysetup-profiler-allocator-block-size=16777216"
    "memorysetup-profiler-editor-allocator-block-size=1048576"
    "memorysetup-temp-allocator-size-main=16777216"
    "memorysetup-job-temp-allocator-block-size=2097152"
    "memorysetup-job-temp-allocator-block-size-background=1048576"
    "memorysetup-job-temp-allocator-reduction-small-platforms=262144"
    "memorysetup-temp-allocator-size-background-worker=32768"
    "memorysetup-temp-allocator-size-job-worker=262144"
    "memorysetup-temp-allocator-size-preload-manager=33554432"
    "memorysetup-temp-allocator-size-nav-mesh-worker=65536"
    "memorysetup-temp-allocator-size-audio-worker=65536"
    "memorysetup-temp-allocator-size-cloud-worker=32768"
    "memorysetup-temp-allocator-size-gi-baking-worker=262144"
    "memorysetup-temp-allocator-size-gfx=262144"
Refreshing native plugins compatible for Editor in 157.22 ms, found 3 plugins.
Preloading 0 native plugins for Editor in 0.00 ms.
Initialize engine version: 2021.3.3f1 (af2e63e8f9bd)
[Subsystems] Discovering subsystems at path C:/Program Files/Unity/Hub/Editor/2021.3.3f1/Editor/Data/Resources/UnitySubsystems
[Subsystems] Discovering subsystems at path C:/Users/USER/Desktop/T2/unity_0818_3D_rio/unity_0818_3D_rio/Assets
GfxDevice: creating device client; threaded=0; jobified=0
Direct3D:
    Version:  Direct3D 11.0 [level 11.1]
    Renderer: NVIDIA Quadro P2200 (ID=0x1c31)
    Vendor:   NVIDIA
    VRAM:     5030 MB
    Driver:   30.0.14.7298
Initialize mono
Mono path[0] = 'C:/Program Files/Unity/Hub/Editor/2021.3.3f1/Editor/Data/Managed'
Mono path[1] = 'C:/Program Files/Unity/Hub/Editor/2021.3.3f1/Editor/Data/MonoBleedingEdge/lib/mono/unityjit-win32'
Mono config path = 'C:/Program Files/Unity/Hub/Editor/2021.3.3f1/Editor/Data/MonoBleedingEdge/etc'
Using monoOptions --debugger-agent=transport=dt_socket,embedding=1,server=y,suspend=n,address=127.0.0.1:56416
Begin MonoManager ReloadAssembly
Registering precompiled unity dll's ...
Register platform support module: C:/Program Files/Unity/Hub/Editor/2021.3.3f1/Editor/Data/PlaybackEngines/WebGLSupport/UnityEditor.WebGL.Extensions.dll
Register platform support module: C:/Program Files/Unity/Hub/Editor/2021.3.3f1/Editor/Data/PlaybackEngines/AndroidPlayer/UnityEditor.Android.Extensions.dll
Register platform support module: C:/Program Files/Unity/Hub/Editor/2021.3.3f1/Editor/Data/PlaybackEngines/WindowsStandaloneSupport/UnityEditor.WindowsStandalone.Extensions.dll
Registered in 0.008874 seconds.
Native extension for WindowsStandalone target not found
Native extension for Android target not found
Native extension for WebGL target not found
Refreshing native plugins compatible for Editor in 130.49 ms, found 3 plugins.
Preloading 0 native plugins for Editor in 0.00 ms.
Mono: successfully reloaded assembly
- Completed reload, in  0.948 seconds
Domain Reload Profiling:
	ReloadAssembly (949ms)
		BeginReloadAssembly (96ms)
			ExecutionOrderSort (0ms)
			DisableScriptedObjects (0ms)
			BackupInstance (0ms)
			ReleaseScriptingObjects (0ms)
			CreateAndSetChildDomain (1ms)
		EndReloadAssembly (695ms)
			LoadAssemblies (94ms)
			RebuildTransferFunctionScriptingTraits (0ms)
			SetupTypeCache (162ms)
			ReleaseScriptCaches (0ms)
			RebuildScriptCaches (43ms)
			SetupLoadedEditorAssemblies (420ms)
				LogAssemblyErrors (0ms)
				InitializePlatformSupportModulesInManaged (82ms)
				SetLoadedEditorAssemblies (0ms)
				RefreshPlugins (131ms)
				BeforeProcessingInitializeOnLoad (2ms)
				ProcessInitializeOnLoadAttributes (142ms)
				ProcessInitializeOnLoadMethodAttributes (63ms)
				AfterProcessingInitializeOnLoad (0ms)
				EditorAssembliesLoaded (0ms)
			ExecutionOrderSort2 (0ms)
			AwakeInstancesAfterBackupRestoration (0ms)
Platform modules already initialized, skipping
Registering precompiled user dll's ...
Registered in 0.006376 seconds.
Begin MonoManager ReloadAssembly
Symbol file LoadedFromMemory doesn't match image C:\Users\USER\Desktop\T2\unity_0818_3D_rio\unity_0818_3D_rio\Library\PackageCache\com.unity.visualscripting@1.7.6\Editor\VisualScripting.Core\Dependencies\YamlDotNet\Unity.VisualScripting.YamlDotNet.dll
Symbol file LoadedFromMemory doesn't match image C:\Users\USER\Desktop\T2\unity_0818_3D_rio\unity_0818_3D_rio\Library\PackageCache\com.unity.visualscripting@1.7.6\Editor\VisualScripting.Core\Dependencies\DotNetZip\Unity.VisualScripting.IonicZip.dll
Native extension for WindowsStandalone target not found
Native extension for Android target not found
Native extension for WebGL target not found
Refreshing native plugins compatible for Editor in 0.75 ms, found 3 plugins.
Preloading 0 native plugins for Editor in 0.00 ms.
Mono: successfully reloaded assembly
- Completed reload, in  1.605 seconds
Domain Reload Profiling:
	ReloadAssembly (1606ms)
		BeginReloadAssembly (287ms)
			ExecutionOrderSort (0ms)
			DisableScriptedObjects (8ms)
			BackupInstance (0ms)
			ReleaseScriptingObjects (0ms)
			CreateAndSetChildDomain (154ms)
		EndReloadAssembly (1153ms)
			LoadAssemblies (114ms)
			RebuildTransferFunctionScriptingTraits (0ms)
			SetupTypeCache (391ms)
			ReleaseScriptCaches (1ms)
			RebuildScriptCaches (74ms)
			SetupLoadedEditorAssemblies (525ms)
				LogAssemblyErrors (0ms)
				InitializePlatformSupportModulesInManaged (21ms)
				SetLoadedEditorAssemblies (1ms)
				RefreshPlugins (1ms)
				BeforeProcessingInitializeOnLoad (131ms)
				ProcessInitializeOnLoadAttributes (327ms)
				ProcessInitializeOnLoadMethodAttributes (38ms)
				AfterProcessingInitializeOnLoad (7ms)
				EditorAssembliesLoaded (0ms)
			ExecutionOrderSort2 (0ms)
			AwakeInstancesAfterBackupRestoration (7ms)
Platform modules already initialized, skipping
========================================================================
Worker process is ready to serve import requests
Launched and connected shader compiler UnityShaderCompiler.exe after 0.05 seconds
Refreshing native plugins compatible for Editor in 1.31 ms, found 3 plugins.
Preloading 0 native plugins for Editor in 0.00 ms.
Unloading 3409 Unused Serialized files (Serialized files now loaded: 0)
Unloading 26 unused Assets / (112.3 KB). Loaded Objects now: 3877.
Memory consumption went from 120.2 MB to 120.1 MB.
Total: 4.931400 ms (FindLiveObjects: 0.449700 ms CreateObjectMapping: 0.388100 ms MarkObjects: 3.945500 ms  DeleteObjects: 0.147400 ms)

AssetImportParameters requested are different than current active one (requested -> active):
  custom:video-decoder-ogg-theora: a1e56fd34408186e4bbccfd4996cb3dc -> 
  custom:container-muxer-webm: aa71ff27fc2769a1b78a27578f13a17b -> 
  custom:container-demuxer-webm: 4f35f7cbe854078d1ac9338744f61a02 -> 
  custom:video-encoder-webm-vp8: eb34c28f22e8b96e1ab97ce403110664 -> 
  custom:audio-encoder-webm-vorbis: bf7c407c2cedff20999df2af8eb42d56 -> 
  custom:framework-win-MediaFoundation: 216162199b28c13a410421893ffa2e32 -> 
  custom:container-demuxer-ogg: 62fdf1f143b41e24485cea50d1cbac27 -> 
  custom:video-decoder-webm-vp8: 9c59270c3fd7afecdb556c50c9e8de78 -> 
  custom:audio-decoder-ogg-vorbis: bf7c407c2cedff20999df2af8eb42d56 -> 
========================================================================
Received Import Request.
  Time since last request: 26668.202716 seconds.
  path: Assets/Model/mazu_scene.FBX
  artifactKey: Guid(603f9e8b3632def43a33a67f6a2a1044) Importer(815301076,1909f56bfc062723c751e8b465ee728b)
Start importing Assets/Model/mazu_scene.FBX using Guid(603f9e8b3632def43a33a67f6a2a1044) Importer(815301076,1909f56bfc062723c751e8b465ee728b)  -> (artifact id: 'ed634b7bc7692fa525acd4c34ab10edd') in 0.582720 seconds 
========================================================================
Received Import Request.
  Time since last request: 0.000034 seconds.
  path: Assets/Model/sprite.FBX
  artifactKey: Guid(c1c72b080ec550d49aa4c1685710f271) Importer(815301076,1909f56bfc062723c751e8b465ee728b)
Start importing Assets/Model/sprite.FBX using Guid(c1c72b080ec550d49aa4c1685710f271) Importer(815301076,1909f56bfc062723c751e8b465ee728b)  -> (artifact id: 'c912de9cd4c59351d0a23831021938ac') in 0.024043 seconds 
========================================================================
Received Import Request.
  Time since last request: 0.000039 seconds.
  path: Assets/Model/people_woman.FBX
  artifactKey: Guid(fec5e9e030d196c4da109058e98d2811) Importer(815301076,1909f56bfc062723c751e8b465ee728b)
Start importing Assets/Model/people_woman.FBX using Guid(fec5e9e030d196c4da109058e98d2811) Importer(815301076,1909f56bfc062723c751e8b465ee728b)  -> (artifact id: '4437ee040e6be03e34e59573a706476a') in 0.061544 seconds 
========================================================================
Received Import Request.
  Time since last request: 5.657001 seconds.
  path: Assets/Model/lebal.FBX
  artifactKey: Guid(e31cca6ad06c95d4688116c47f30710a) Importer(815301076,1909f56bfc062723c751e8b465ee728b)
Start importing Assets/Model/lebal.FBX using Guid(e31cca6ad06c95d4688116c47f30710a) Importer(815301076,1909f56bfc062723c751e8b465ee728b)  -> (artifact id: '6287612de6b8fbc64fedaac49fa64375') in 0.020895 seconds 
========================================================================
Received Import Request.
  Time since last request: 0.020519 seconds.
  path: Assets/Model/dragon.FBX
  artifactKey: Guid(f50cdd2a3a561b540998e52a1f8e23e3) Importer(815301076,1909f56bfc062723c751e8b465ee728b)
Start importing Assets/Model/dragon.FBX using Guid(f50cdd2a3a561b540998e52a1f8e23e3) Importer(815301076,1909f56bfc062723c751e8b465ee728b)  -> (artifact id: 'e8a52d96ad2927bf37d191f1daf96b0e') in 0.021742 seconds 
========================================================================
Received Import Request.
  Time since last request: 0.400795 seconds.
  path: Assets/Model/camera.FBX
  artifactKey: Guid(c2f67efa793e10f45921bfdcc9c598c4) Importer(815301076,1909f56bfc062723c751e8b465ee728b)
Start importing Assets/Model/camera.FBX using Guid(c2f67efa793e10f45921bfdcc9c598c4) Importer(815301076,1909f56bfc062723c751e8b465ee728b)  -> (artifact id: 'f04c761b5c5c1a4829b0d2495cd0daca') in 0.012606 seconds 
========================================================================
Received Import Request.
  Time since last request: 0.001973 seconds.
  path: Assets/Model/@woodking.FBX
  artifactKey: Guid(aa9fe2b9b699cd34a99624c612add782) Importer(815301076,1909f56bfc062723c751e8b465ee728b)
Start importing Assets/Model/@woodking.FBX using Guid(aa9fe2b9b699cd34a99624c612add782) Importer(815301076,1909f56bfc062723c751e8b465ee728b)  -> (artifact id: 'f5de78551a3220e1a6789ab2a9bebef6') in 0.033602 seconds 
========================================================================
Received Import Request.
  Time since last request: 0.617085 seconds.
  path: Assets/Model/@moon_call.FBX
  artifactKey: Guid(0c57709a55db20a47a7892c0d4f4a910) Importer(815301076,1909f56bfc062723c751e8b465ee728b)
Start importing Assets/Model/@moon_call.FBX using Guid(0c57709a55db20a47a7892c0d4f4a910) Importer(815301076,1909f56bfc062723c751e8b465ee728b)  -> (artifact id: 'ef36cc65bed3c29a2e2f593774f4606b') in 0.087387 seconds 
========================================================================
Received Import Request.
  Time since last request: 768.933326 seconds.
  path: Assets/Model/people_man.FBX
  artifactKey: Guid(fd0c321c338629f4b9c0f4854c7086f1) Importer(815301076,1909f56bfc062723c751e8b465ee728b)
Start importing Assets/Model/people_man.FBX using Guid(fd0c321c338629f4b9c0f4854c7086f1) Importer(815301076,1909f56bfc062723c751e8b465ee728b)  -> (artifact id: '4f9d9dee705ff26d8035de4411b892ba') in 0.103672 seconds 
========================================================================
Received Import Request.
  Time since last request: 91.114642 seconds.
  path: Assets/Model/@moon_wait.FBX
  artifactKey: Guid(6b1575f96f7802043b3d688e561bb0c0) Importer(815301076,1909f56bfc062723c751e8b465ee728b)
Start importing Assets/Model/@moon_wait.FBX using Guid(6b1575f96f7802043b3d688e561bb0c0) Importer(815301076,1909f56bfc062723c751e8b465ee728b)  -> (artifact id: '49b9448c678fb0ba561f33340c26d32e') in 0.083943 seconds 
========================================================================
Received Import Request.
  Time since last request: 50.101602 seconds.
  path: Assets/Model/@moon_call.FBX
  artifactKey: Guid(0c57709a55db20a47a7892c0d4f4a910) Importer(815301076,1909f56bfc062723c751e8b465ee728b)
Start importing Assets/Model/@moon_call.FBX using Guid(0c57709a55db20a47a7892c0d4f4a910) Importer(815301076,1909f56bfc062723c751e8b465ee728b)  -> (artifact id: '4e5d4e177ec1aac84811dea0f33188ef') in 0.059702 seconds 
========================================================================
Received Import Request.
  Time since last request: 9.572122 seconds.
  path: Assets/Model/@moon_att.FBX
  artifactKey: Guid(107d9d96b269eff408fc51d41f654499) Importer(815301076,1909f56bfc062723c751e8b465ee728b)
Start importing Assets/Model/@moon_att.FBX using Guid(107d9d96b269eff408fc51d41f654499) Importer(815301076,1909f56bfc062723c751e8b465ee728b)  -> (artifact id: '3210ec013558f2b8a292a0bb7aa31502') in 0.061121 seconds 
========================================================================
Received Import Request.
  Time since last request: 952.871448 seconds.
  path: Assets/Model/@moon_wait.controller
  artifactKey: Guid(6d48edf87ab68044381b6162fa021919) Importer(815301076,1909f56bfc062723c751e8b465ee728b)
Start importing Assets/Model/@moon_wait.controller using Guid(6d48edf87ab68044381b6162fa021919) Importer(815301076,1909f56bfc062723c751e8b465ee728b)  -> (artifact id: 'c09dc529bd770becc7543e02f5b5d816') in 0.013442 seconds 
========================================================================
Received Import Request.
  Time since last request: 39.087406 seconds.
  path: Assets/Model/@moon_wait.controller
  artifactKey: Guid(6d48edf87ab68044381b6162fa021919) Importer(815301076,1909f56bfc062723c751e8b465ee728b)
Start importing Assets/Model/@moon_wait.controller using Guid(6d48edf87ab68044381b6162fa021919) Importer(815301076,1909f56bfc062723c751e8b465ee728b)  -> (artifact id: 'bca13b6c8ee1054906c276c75d490924') in 0.008252 seconds 
