Using pre-set license
Built from '2021.3/staging' branch; Version is '2021.3.3f1 (af2e63e8f9bd) revision 11480675'; Using compiler version '192829333'; Build Type 'Release'
OS: 'Windows 10  (10.0.19044) 64bit Professional' Language: 'zh' Physical Memory: 130775 MB
BatchMode: 1, IsHumanControllingUs: 0, StartBugReporterOnCrash: 0, Is64bit: 1, IsPro: 1

COMMAND LINE ARGUMENTS:
C:\Program Files\Unity\Hub\Editor\2021.3.3f1\Editor\Unity.exe
-adb2
-batchMode
-noUpm
-name
AssetImportWorker11
-projectPath
C:/Users/USER/Desktop/T2/unity_0818_3D_rio/unity_0818_3D_rio
-logFile
Logs/AssetImportWorker11.log
-srvPort
9358
Successfully changed project path to: C:/Users/USER/Desktop/T2/unity_0818_3D_rio/unity_0818_3D_rio
C:/Users/USER/Desktop/T2/unity_0818_3D_rio/unity_0818_3D_rio
[UnityMemory] Configuration Parameters - Can be set up in boot.config
    "memorysetup-bucket-allocator-granularity=16"
    "memorysetup-bucket-allocator-bucket-count=8"
    "memorysetup-bucket-allocator-block-size=33554432"
    "memorysetup-bucket-allocator-block-count=8"
    "memorysetup-main-allocator-block-size=16777216"
    "memorysetup-thread-allocator-block-size=16777216"
    "memorysetup-gfx-main-allocator-block-size=16777216"
    "memorysetup-gfx-thread-allocator-block-size=16777216"
    "memorysetup-cache-allocator-block-size=4194304"
    "memorysetup-typetree-allocator-block-size=2097152"
    "memorysetup-profiler-bucket-allocator-granularity=16"
    "memorysetup-profiler-bucket-allocator-bucket-count=8"
    "memorysetup-profiler-bucket-allocator-block-size=33554432"
    "memorysetup-profiler-bucket-allocator-block-count=8"
    "memorysetup-profiler-allocator-block-size=16777216"
    "memorysetup-profiler-editor-allocator-block-size=1048576"
    "memorysetup-temp-allocator-size-main=16777216"
    "memorysetup-job-temp-allocator-block-size=2097152"
    "memorysetup-job-temp-allocator-block-size-background=1048576"
    "memorysetup-job-temp-allocator-reduction-small-platforms=262144"
    "memorysetup-temp-allocator-size-background-worker=32768"
    "memorysetup-temp-allocator-size-job-worker=262144"
    "memorysetup-temp-allocator-size-preload-manager=33554432"
    "memorysetup-temp-allocator-size-nav-mesh-worker=65536"
    "memorysetup-temp-allocator-size-audio-worker=65536"
    "memorysetup-temp-allocator-size-cloud-worker=32768"
    "memorysetup-temp-allocator-size-gi-baking-worker=262144"
    "memorysetup-temp-allocator-size-gfx=262144"
Refreshing native plugins compatible for Editor in 115.10 ms, found 3 plugins.
Preloading 0 native plugins for Editor in 0.00 ms.
Initialize engine version: 2021.3.3f1 (af2e63e8f9bd)
[Subsystems] Discovering subsystems at path C:/Program Files/Unity/Hub/Editor/2021.3.3f1/Editor/Data/Resources/UnitySubsystems
[Subsystems] Discovering subsystems at path C:/Users/USER/Desktop/T2/unity_0818_3D_rio/unity_0818_3D_rio/Assets
GfxDevice: creating device client; threaded=0; jobified=0
Direct3D:
    Version:  Direct3D 11.0 [level 11.1]
    Renderer: NVIDIA Quadro P2200 (ID=0x1c31)
    Vendor:   NVIDIA
    VRAM:     5030 MB
    Driver:   30.0.14.7298
Initialize mono
Mono path[0] = 'C:/Program Files/Unity/Hub/Editor/2021.3.3f1/Editor/Data/Managed'
Mono path[1] = 'C:/Program Files/Unity/Hub/Editor/2021.3.3f1/Editor/Data/MonoBleedingEdge/lib/mono/unityjit-win32'
Mono config path = 'C:/Program Files/Unity/Hub/Editor/2021.3.3f1/Editor/Data/MonoBleedingEdge/etc'
Using monoOptions --debugger-agent=transport=dt_socket,embedding=1,server=y,suspend=n,address=127.0.0.1:56220
Begin MonoManager ReloadAssembly
Registering precompiled unity dll's ...
Register platform support module: C:/Program Files/Unity/Hub/Editor/2021.3.3f1/Editor/Data/PlaybackEngines/WebGLSupport/UnityEditor.WebGL.Extensions.dll
Register platform support module: C:/Program Files/Unity/Hub/Editor/2021.3.3f1/Editor/Data/PlaybackEngines/AndroidPlayer/UnityEditor.Android.Extensions.dll
Register platform support module: C:/Program Files/Unity/Hub/Editor/2021.3.3f1/Editor/Data/PlaybackEngines/WindowsStandaloneSupport/UnityEditor.WindowsStandalone.Extensions.dll
Registered in 0.006973 seconds.
Native extension for WindowsStandalone target not found
Native extension for Android target not found
Native extension for WebGL target not found
Refreshing native plugins compatible for Editor in 108.97 ms, found 3 plugins.
Preloading 0 native plugins for Editor in 0.00 ms.
Mono: successfully reloaded assembly
- Completed reload, in  0.819 seconds
Domain Reload Profiling:
	ReloadAssembly (820ms)
		BeginReloadAssembly (88ms)
			ExecutionOrderSort (0ms)
			DisableScriptedObjects (0ms)
			BackupInstance (0ms)
			ReleaseScriptingObjects (0ms)
			CreateAndSetChildDomain (1ms)
		EndReloadAssembly (601ms)
			LoadAssemblies (87ms)
			RebuildTransferFunctionScriptingTraits (0ms)
			SetupTypeCache (147ms)
			ReleaseScriptCaches (0ms)
			RebuildScriptCaches (34ms)
			SetupLoadedEditorAssemblies (358ms)
				LogAssemblyErrors (0ms)
				InitializePlatformSupportModulesInManaged (68ms)
				SetLoadedEditorAssemblies (0ms)
				RefreshPlugins (109ms)
				BeforeProcessingInitializeOnLoad (1ms)
				ProcessInitializeOnLoadAttributes (126ms)
				ProcessInitializeOnLoadMethodAttributes (54ms)
				AfterProcessingInitializeOnLoad (0ms)
				EditorAssembliesLoaded (0ms)
			ExecutionOrderSort2 (0ms)
			AwakeInstancesAfterBackupRestoration (0ms)
Platform modules already initialized, skipping
Registering precompiled user dll's ...
Registered in 0.004904 seconds.
Begin MonoManager ReloadAssembly
Symbol file LoadedFromMemory doesn't match image C:\Users\USER\Desktop\T2\unity_0818_3D_rio\unity_0818_3D_rio\Library\PackageCache\com.unity.visualscripting@1.7.6\Editor\VisualScripting.Core\Dependencies\YamlDotNet\Unity.VisualScripting.YamlDotNet.dll
Symbol file LoadedFromMemory doesn't match image C:\Users\USER\Desktop\T2\unity_0818_3D_rio\unity_0818_3D_rio\Library\PackageCache\com.unity.visualscripting@1.7.6\Editor\VisualScripting.Core\Dependencies\DotNetZip\Unity.VisualScripting.IonicZip.dll
Native extension for WindowsStandalone target not found
Native extension for Android target not found
Native extension for WebGL target not found
Refreshing native plugins compatible for Editor in 0.73 ms, found 3 plugins.
Preloading 0 native plugins for Editor in 0.00 ms.
Mono: successfully reloaded assembly
- Completed reload, in  1.397 seconds
Domain Reload Profiling:
	ReloadAssembly (1398ms)
		BeginReloadAssembly (236ms)
			ExecutionOrderSort (0ms)
			DisableScriptedObjects (8ms)
			BackupInstance (0ms)
			ReleaseScriptingObjects (0ms)
			CreateAndSetChildDomain (127ms)
		EndReloadAssembly (1021ms)
			LoadAssemblies (100ms)
			RebuildTransferFunctionScriptingTraits (0ms)
			SetupTypeCache (352ms)
			ReleaseScriptCaches (1ms)
			RebuildScriptCaches (63ms)
			SetupLoadedEditorAssemblies (459ms)
				LogAssemblyErrors (0ms)
				InitializePlatformSupportModulesInManaged (19ms)
				SetLoadedEditorAssemblies (1ms)
				RefreshPlugins (1ms)
				BeforeProcessingInitializeOnLoad (117ms)
				ProcessInitializeOnLoadAttributes (285ms)
				ProcessInitializeOnLoadMethodAttributes (32ms)
				AfterProcessingInitializeOnLoad (6ms)
				EditorAssembliesLoaded (0ms)
			ExecutionOrderSort2 (0ms)
			AwakeInstancesAfterBackupRestoration (6ms)
Platform modules already initialized, skipping
========================================================================
Worker process is ready to serve import requests
Launched and connected shader compiler UnityShaderCompiler.exe after 0.05 seconds
Refreshing native plugins compatible for Editor in 0.84 ms, found 3 plugins.
Preloading 0 native plugins for Editor in 0.00 ms.
Unloading 3409 Unused Serialized files (Serialized files now loaded: 0)
Unloading 26 unused Assets / (112.3 KB). Loaded Objects now: 3877.
Memory consumption went from 120.2 MB to 120.1 MB.
Total: 4.719900 ms (FindLiveObjects: 0.452000 ms CreateObjectMapping: 0.415100 ms MarkObjects: 3.702200 ms  DeleteObjects: 0.149600 ms)

AssetImportParameters requested are different than current active one (requested -> active):
  custom:video-decoder-ogg-theora: a1e56fd34408186e4bbccfd4996cb3dc -> 
  custom:container-muxer-webm: aa71ff27fc2769a1b78a27578f13a17b -> 
  custom:container-demuxer-webm: 4f35f7cbe854078d1ac9338744f61a02 -> 
  custom:video-encoder-webm-vp8: eb34c28f22e8b96e1ab97ce403110664 -> 
  custom:audio-encoder-webm-vorbis: bf7c407c2cedff20999df2af8eb42d56 -> 
  custom:framework-win-MediaFoundation: 216162199b28c13a410421893ffa2e32 -> 
  custom:container-demuxer-ogg: 62fdf1f143b41e24485cea50d1cbac27 -> 
  custom:video-decoder-webm-vp8: 9c59270c3fd7afecdb556c50c9e8de78 -> 
  custom:audio-decoder-ogg-vorbis: bf7c407c2cedff20999df2af8eb42d56 -> 
========================================================================
Received Import Request.
  Time since last request: 18860.787248 seconds.
  path: Assets/場景/場景2.unity
  artifactKey: Guid(135af0914da7d5c4e90e4b54ef4471d7) Importer(815301076,1909f56bfc062723c751e8b465ee728b)
Start importing Assets/場景/場景2.unity using Guid(135af0914da7d5c4e90e4b54ef4471d7) Importer(815301076,1909f56bfc062723c751e8b465ee728b)  -> (artifact id: '58f5167a75eb2cb5a1493afb80eee3b0') in 0.020892 seconds 
========================================================================
Received Import Request.
  Time since last request: 18.401563 seconds.
  path: Assets/Model/mazu_scene.fbm/mazu_electric.png
  artifactKey: Guid(9696361cc626b754492f66ff8b2c7ae1) Importer(815301076,1909f56bfc062723c751e8b465ee728b)
Start importing Assets/Model/mazu_scene.fbm/mazu_electric.png using Guid(9696361cc626b754492f66ff8b2c7ae1) Importer(815301076,1909f56bfc062723c751e8b465ee728b)  -> (artifact id: 'ab095ca3b049bbdb0125e8507c829999') in 0.089978 seconds 
========================================================================
Received Import Request.
  Time since last request: 6.981915 seconds.
  path: Assets/Model/Materials/01 - Default.mat
  artifactKey: Guid(a47148e9c1351be48822107b4200deb1) Importer(815301076,1909f56bfc062723c751e8b465ee728b)
Start importing Assets/Model/Materials/01 - Default.mat using Guid(a47148e9c1351be48822107b4200deb1) Importer(815301076,1909f56bfc062723c751e8b465ee728b)  -> (artifact id: 'd2a0cea4c2d03437413888b406539c31') in 0.129722 seconds 
========================================================================
Received Import Request.
  Time since last request: 0.000041 seconds.
  path: Assets/Model/Materials/DG_ghost_07_02.mat
  artifactKey: Guid(5864ef2cc636c8642bd22e8445434213) Importer(815301076,1909f56bfc062723c751e8b465ee728b)
Start importing Assets/Model/Materials/DG_ghost_07_02.mat using Guid(5864ef2cc636c8642bd22e8445434213) Importer(815301076,1909f56bfc062723c751e8b465ee728b)  -> (artifact id: '282ef8e58c6727042dd8b46cf112b077') in 0.026956 seconds 
========================================================================
Received Import Request.
  Time since last request: 0.000036 seconds.
  path: Assets/Model/Materials/DG_ghost_07_01.mat
  artifactKey: Guid(67ceea99828a32340ae926b288d576f1) Importer(815301076,1909f56bfc062723c751e8b465ee728b)
Start importing Assets/Model/Materials/DG_ghost_07_01.mat using Guid(67ceea99828a32340ae926b288d576f1) Importer(815301076,1909f56bfc062723c751e8b465ee728b)  -> (artifact id: 'e3993ba70576214f667b22536ff590f6') in 0.018892 seconds 
========================================================================
Received Import Request.
  Time since last request: 0.000028 seconds.
  path: Assets/Model/Materials/mazu_scene01.mat
  artifactKey: Guid(701d1e4671ee6c7479147711e539d18a) Importer(815301076,1909f56bfc062723c751e8b465ee728b)
Start importing Assets/Model/Materials/mazu_scene01.mat using Guid(701d1e4671ee6c7479147711e539d18a) Importer(815301076,1909f56bfc062723c751e8b465ee728b)  -> (artifact id: '58645671ec65a5f483208afe56918316') in 0.024679 seconds 
========================================================================
Received Import Request.
  Time since last request: 0.000041 seconds.
  path: Assets/Model/Materials/mazu_scene07.mat
  artifactKey: Guid(176ad698ddda83646b39a6a5642a86e3) Importer(815301076,1909f56bfc062723c751e8b465ee728b)
Start importing Assets/Model/Materials/mazu_scene07.mat using Guid(176ad698ddda83646b39a6a5642a86e3) Importer(815301076,1909f56bfc062723c751e8b465ee728b)  -> (artifact id: 'b024c24b76012be4eec9f530611bb86c') in 0.020227 seconds 
========================================================================
Received Import Request.
  Time since last request: 0.000039 seconds.
  path: Assets/Model/Materials/mazu_electric.mat
  artifactKey: Guid(d7d1639f2cbd0e04aa4f2e4f7e320423) Importer(815301076,1909f56bfc062723c751e8b465ee728b)
Start importing Assets/Model/Materials/mazu_electric.mat using Guid(d7d1639f2cbd0e04aa4f2e4f7e320423) Importer(815301076,1909f56bfc062723c751e8b465ee728b)  -> (artifact id: '26259c027f07117a6de9f86d72eb848f') in 0.020460 seconds 
========================================================================
Received Import Request.
  Time since last request: 0.000025 seconds.
  path: Assets/Model/Materials/DG_ghost_07_03.mat
  artifactKey: Guid(b533aa736d7e00847b606ef9fa5713e7) Importer(815301076,1909f56bfc062723c751e8b465ee728b)
Start importing Assets/Model/Materials/DG_ghost_07_03.mat using Guid(b533aa736d7e00847b606ef9fa5713e7) Importer(815301076,1909f56bfc062723c751e8b465ee728b)  -> (artifact id: '63a55d6058a83084e2c161a8cb0714e3') in 0.017240 seconds 
========================================================================
Received Import Request.
  Time since last request: 0.000030 seconds.
  path: Assets/Model/Materials/GOD_Male villagers_d.mat
  artifactKey: Guid(0c8eb4ca3676ae2479d14079dfb1a665) Importer(815301076,1909f56bfc062723c751e8b465ee728b)
Start importing Assets/Model/Materials/GOD_Male villagers_d.mat using Guid(0c8eb4ca3676ae2479d14079dfb1a665) Importer(815301076,1909f56bfc062723c751e8b465ee728b)  -> (artifact id: 'c4b6d9d2e809729cf7a272b60df18428') in 0.020947 seconds 
========================================================================
Received Import Request.
  Time since last request: 0.000025 seconds.
  path: Assets/Model/Materials/DG_05moon_02.mat
  artifactKey: Guid(95566c5d3de6065458b7f02e34328777) Importer(815301076,1909f56bfc062723c751e8b465ee728b)
Start importing Assets/Model/Materials/DG_05moon_02.mat using Guid(95566c5d3de6065458b7f02e34328777) Importer(815301076,1909f56bfc062723c751e8b465ee728b)  -> (artifact id: 'b6233f80fd0d827cb617e2ecd295eacd') in 0.026320 seconds 
========================================================================
Received Import Request.
  Time since last request: 0.000034 seconds.
  path: Assets/Model/Materials/electric.mat
  artifactKey: Guid(3e3f4877963832649ac59f752e0a0d13) Importer(815301076,1909f56bfc062723c751e8b465ee728b)
Start importing Assets/Model/Materials/electric.mat using Guid(3e3f4877963832649ac59f752e0a0d13) Importer(815301076,1909f56bfc062723c751e8b465ee728b)  -> (artifact id: '6ec5f2798d06b6ff0b36cb8fd1f410e6') in 0.019235 seconds 
========================================================================
Received Import Request.
  Time since last request: 0.000038 seconds.
  path: Assets/Model/Materials/mazu_floor.mat
  artifactKey: Guid(26cb1ae7dd75a45419292e87b93b6266) Importer(815301076,1909f56bfc062723c751e8b465ee728b)
Start importing Assets/Model/Materials/mazu_floor.mat using Guid(26cb1ae7dd75a45419292e87b93b6266) Importer(815301076,1909f56bfc062723c751e8b465ee728b)  -> (artifact id: '7488b1e91302b0730daa9f8c306499fd') in 0.021919 seconds 
========================================================================
Received Import Request.
  Time since last request: 0.000028 seconds.
  path: Assets/Model/Materials/floor_1.mat
  artifactKey: Guid(564b9c9e4dde8b54d8d216982abda520) Importer(815301076,1909f56bfc062723c751e8b465ee728b)
Start importing Assets/Model/Materials/floor_1.mat using Guid(564b9c9e4dde8b54d8d216982abda520) Importer(815301076,1909f56bfc062723c751e8b465ee728b)  -> (artifact id: '8711b1162065a0d27823ded72cc05d9b') in 0.025086 seconds 
========================================================================
Received Import Request.
  Time since last request: 0.000032 seconds.
  path: Assets/Model/Materials/DG_05moon_01.mat
  artifactKey: Guid(7544a5f876f167746abf9fcb4359692f) Importer(815301076,1909f56bfc062723c751e8b465ee728b)
Start importing Assets/Model/Materials/DG_05moon_01.mat using Guid(7544a5f876f167746abf9fcb4359692f) Importer(815301076,1909f56bfc062723c751e8b465ee728b)  -> (artifact id: '67f258ec775fbdb7c17bbafb79d84051') in 0.020171 seconds 
========================================================================
Received Import Request.
  Time since last request: 0.000027 seconds.
  path: Assets/Model/Materials/DG_ghost_07_04.mat
  artifactKey: Guid(e40c31a038476b0499f26b47bc7ca784) Importer(815301076,1909f56bfc062723c751e8b465ee728b)
Start importing Assets/Model/Materials/DG_ghost_07_04.mat using Guid(e40c31a038476b0499f26b47bc7ca784) Importer(815301076,1909f56bfc062723c751e8b465ee728b)  -> (artifact id: '9bbda508228cb9ffac084d6167be039b') in 0.025036 seconds 
========================================================================
Received Import Request.
  Time since last request: 0.000038 seconds.
  path: Assets/Model/Materials/DG_04sun_03.mat
  artifactKey: Guid(06052f19525ff5c4eb5ae63c9a1835e9) Importer(815301076,1909f56bfc062723c751e8b465ee728b)
Start importing Assets/Model/Materials/DG_04sun_03.mat using Guid(06052f19525ff5c4eb5ae63c9a1835e9) Importer(815301076,1909f56bfc062723c751e8b465ee728b)  -> (artifact id: 'f6706082dbe472b01015abddea8691bd') in 0.019207 seconds 
Editor requested this worker to shutdown with reason: Scaling down because of idle timeout
AssetImportWorker is now disconnected from the server
Process exiting
Exiting without the bug reporter. Application will terminate with return code 0