Using pre-set license
Built from '2021.3/staging' branch; Version is '2021.3.3f1 (af2e63e8f9bd) revision 11480675'; Using compiler version '192829333'; Build Type 'Release'
OS: 'Windows 10  (10.0.19044) 64bit Professional' Language: 'zh' Physical Memory: 130775 MB
BatchMode: 1, IsHumanControllingUs: 0, StartBugReporterOnCrash: 0, Is64bit: 1, IsPro: 1

COMMAND LINE ARGUMENTS:
C:\Program Files\Unity\Hub\Editor\2021.3.3f1\Editor\Unity.exe
-adb2
-batchMode
-noUpm
-name
AssetImportWorker10
-projectPath
C:/Users/USER/Desktop/T2/unity_0818_3D_rio/unity_0818_3D_rio
-logFile
Logs/AssetImportWorker10.log
-srvPort
9358
Successfully changed project path to: C:/Users/USER/Desktop/T2/unity_0818_3D_rio/unity_0818_3D_rio
C:/Users/USER/Desktop/T2/unity_0818_3D_rio/unity_0818_3D_rio
[UnityMemory] Configuration Parameters - Can be set up in boot.config
    "memorysetup-bucket-allocator-granularity=16"
    "memorysetup-bucket-allocator-bucket-count=8"
    "memorysetup-bucket-allocator-block-size=33554432"
    "memorysetup-bucket-allocator-block-count=8"
    "memorysetup-main-allocator-block-size=16777216"
    "memorysetup-thread-allocator-block-size=16777216"
    "memorysetup-gfx-main-allocator-block-size=16777216"
    "memorysetup-gfx-thread-allocator-block-size=16777216"
    "memorysetup-cache-allocator-block-size=4194304"
    "memorysetup-typetree-allocator-block-size=2097152"
    "memorysetup-profiler-bucket-allocator-granularity=16"
    "memorysetup-profiler-bucket-allocator-bucket-count=8"
    "memorysetup-profiler-bucket-allocator-block-size=33554432"
    "memorysetup-profiler-bucket-allocator-block-count=8"
    "memorysetup-profiler-allocator-block-size=16777216"
    "memorysetup-profiler-editor-allocator-block-size=1048576"
    "memorysetup-temp-allocator-size-main=16777216"
    "memorysetup-job-temp-allocator-block-size=2097152"
    "memorysetup-job-temp-allocator-block-size-background=1048576"
    "memorysetup-job-temp-allocator-reduction-small-platforms=262144"
    "memorysetup-temp-allocator-size-background-worker=32768"
    "memorysetup-temp-allocator-size-job-worker=262144"
    "memorysetup-temp-allocator-size-preload-manager=33554432"
    "memorysetup-temp-allocator-size-nav-mesh-worker=65536"
    "memorysetup-temp-allocator-size-audio-worker=65536"
    "memorysetup-temp-allocator-size-cloud-worker=32768"
    "memorysetup-temp-allocator-size-gi-baking-worker=262144"
    "memorysetup-temp-allocator-size-gfx=262144"
Refreshing native plugins compatible for Editor in 129.00 ms, found 3 plugins.
Preloading 0 native plugins for Editor in 0.00 ms.
Initialize engine version: 2021.3.3f1 (af2e63e8f9bd)
[Subsystems] Discovering subsystems at path C:/Program Files/Unity/Hub/Editor/2021.3.3f1/Editor/Data/Resources/UnitySubsystems
[Subsystems] Discovering subsystems at path C:/Users/USER/Desktop/T2/unity_0818_3D_rio/unity_0818_3D_rio/Assets
GfxDevice: creating device client; threaded=0; jobified=0
Direct3D:
    Version:  Direct3D 11.0 [level 11.1]
    Renderer: NVIDIA Quadro P2200 (ID=0x1c31)
    Vendor:   NVIDIA
    VRAM:     5030 MB
    Driver:   30.0.14.7298
Initialize mono
Mono path[0] = 'C:/Program Files/Unity/Hub/Editor/2021.3.3f1/Editor/Data/Managed'
Mono path[1] = 'C:/Program Files/Unity/Hub/Editor/2021.3.3f1/Editor/Data/MonoBleedingEdge/lib/mono/unityjit-win32'
Mono config path = 'C:/Program Files/Unity/Hub/Editor/2021.3.3f1/Editor/Data/MonoBleedingEdge/etc'
Using monoOptions --debugger-agent=transport=dt_socket,embedding=1,server=y,suspend=n,address=127.0.0.1:56140
Begin MonoManager ReloadAssembly
Registering precompiled unity dll's ...
Register platform support module: C:/Program Files/Unity/Hub/Editor/2021.3.3f1/Editor/Data/PlaybackEngines/WebGLSupport/UnityEditor.WebGL.Extensions.dll
Register platform support module: C:/Program Files/Unity/Hub/Editor/2021.3.3f1/Editor/Data/PlaybackEngines/AndroidPlayer/UnityEditor.Android.Extensions.dll
Register platform support module: C:/Program Files/Unity/Hub/Editor/2021.3.3f1/Editor/Data/PlaybackEngines/WindowsStandaloneSupport/UnityEditor.WindowsStandalone.Extensions.dll
Registered in 0.010299 seconds.
Native extension for WindowsStandalone target not found
Native extension for Android target not found
Native extension for WebGL target not found
Refreshing native plugins compatible for Editor in 137.30 ms, found 3 plugins.
Preloading 0 native plugins for Editor in 0.00 ms.
Mono: successfully reloaded assembly
- Completed reload, in  0.958 seconds
Domain Reload Profiling:
	ReloadAssembly (959ms)
		BeginReloadAssembly (100ms)
			ExecutionOrderSort (0ms)
			DisableScriptedObjects (0ms)
			BackupInstance (0ms)
			ReleaseScriptingObjects (0ms)
			CreateAndSetChildDomain (1ms)
		EndReloadAssembly (708ms)
			LoadAssemblies (98ms)
			RebuildTransferFunctionScriptingTraits (0ms)
			SetupTypeCache (159ms)
			ReleaseScriptCaches (0ms)
			RebuildScriptCaches (41ms)
			SetupLoadedEditorAssemblies (438ms)
				LogAssemblyErrors (0ms)
				InitializePlatformSupportModulesInManaged (91ms)
				SetLoadedEditorAssemblies (0ms)
				RefreshPlugins (137ms)
				BeforeProcessingInitializeOnLoad (2ms)
				ProcessInitializeOnLoadAttributes (142ms)
				ProcessInitializeOnLoadMethodAttributes (65ms)
				AfterProcessingInitializeOnLoad (0ms)
				EditorAssembliesLoaded (0ms)
			ExecutionOrderSort2 (0ms)
			AwakeInstancesAfterBackupRestoration (0ms)
Platform modules already initialized, skipping
Registering precompiled user dll's ...
Registered in 0.006290 seconds.
Begin MonoManager ReloadAssembly
Symbol file LoadedFromMemory doesn't match image C:\Users\USER\Desktop\T2\unity_0818_3D_rio\unity_0818_3D_rio\Library\PackageCache\com.unity.visualscripting@1.7.6\Editor\VisualScripting.Core\Dependencies\YamlDotNet\Unity.VisualScripting.YamlDotNet.dll
Symbol file LoadedFromMemory doesn't match image C:\Users\USER\Desktop\T2\unity_0818_3D_rio\unity_0818_3D_rio\Library\PackageCache\com.unity.visualscripting@1.7.6\Editor\VisualScripting.Core\Dependencies\DotNetZip\Unity.VisualScripting.IonicZip.dll
Native extension for WindowsStandalone target not found
Native extension for Android target not found
Native extension for WebGL target not found
Refreshing native plugins compatible for Editor in 0.96 ms, found 3 plugins.
Preloading 0 native plugins for Editor in 0.00 ms.
Mono: successfully reloaded assembly
- Completed reload, in  1.510 seconds
Domain Reload Profiling:
	ReloadAssembly (1511ms)
		BeginReloadAssembly (242ms)
			ExecutionOrderSort (0ms)
			DisableScriptedObjects (7ms)
			BackupInstance (0ms)
			ReleaseScriptingObjects (0ms)
			CreateAndSetChildDomain (128ms)
		EndReloadAssembly (1120ms)
			LoadAssemblies (105ms)
			RebuildTransferFunctionScriptingTraits (0ms)
			SetupTypeCache (366ms)
			ReleaseScriptCaches (1ms)
			RebuildScriptCaches (71ms)
			SetupLoadedEditorAssemblies (516ms)
				LogAssemblyErrors (0ms)
				InitializePlatformSupportModulesInManaged (22ms)
				SetLoadedEditorAssemblies (1ms)
				RefreshPlugins (1ms)
				BeforeProcessingInitializeOnLoad (132ms)
				ProcessInitializeOnLoadAttributes (312ms)
				ProcessInitializeOnLoadMethodAttributes (39ms)
				AfterProcessingInitializeOnLoad (9ms)
				EditorAssembliesLoaded (0ms)
			ExecutionOrderSort2 (0ms)
			AwakeInstancesAfterBackupRestoration (11ms)
Platform modules already initialized, skipping
========================================================================
Worker process is ready to serve import requests
Launched and connected shader compiler UnityShaderCompiler.exe after 0.06 seconds
Refreshing native plugins compatible for Editor in 1.49 ms, found 3 plugins.
Preloading 0 native plugins for Editor in 0.00 ms.
Unloading 3409 Unused Serialized files (Serialized files now loaded: 0)
Unloading 26 unused Assets / (112.3 KB). Loaded Objects now: 3877.
Memory consumption went from 120.2 MB to 120.1 MB.
Total: 7.567100 ms (FindLiveObjects: 0.519000 ms CreateObjectMapping: 0.360800 ms MarkObjects: 6.468500 ms  DeleteObjects: 0.216400 ms)

AssetImportParameters requested are different than current active one (requested -> active):
  custom:video-decoder-ogg-theora: a1e56fd34408186e4bbccfd4996cb3dc -> 
  custom:container-muxer-webm: aa71ff27fc2769a1b78a27578f13a17b -> 
  custom:container-demuxer-webm: 4f35f7cbe854078d1ac9338744f61a02 -> 
  custom:video-encoder-webm-vp8: eb34c28f22e8b96e1ab97ce403110664 -> 
  custom:audio-encoder-webm-vorbis: bf7c407c2cedff20999df2af8eb42d56 -> 
  custom:framework-win-MediaFoundation: 216162199b28c13a410421893ffa2e32 -> 
  custom:container-demuxer-ogg: 62fdf1f143b41e24485cea50d1cbac27 -> 
  custom:video-decoder-webm-vp8: 9c59270c3fd7afecdb556c50c9e8de78 -> 
  custom:audio-decoder-ogg-vorbis: bf7c407c2cedff20999df2af8eb42d56 -> 
========================================================================
Received Import Request.
  Time since last request: 18147.309093 seconds.
  path: Assets/素材/Texture1/call_textrue.png
  artifactKey: Guid(5e1a31b47e7ab3f4fb10eeaee9d83fe2) Importer(815301076,1909f56bfc062723c751e8b465ee728b)
Start importing Assets/素材/Texture1/call_textrue.png using Guid(5e1a31b47e7ab3f4fb10eeaee9d83fe2) Importer(815301076,1909f56bfc062723c751e8b465ee728b)  -> (artifact id: '83d151ca3af5026d83d8aef7c917072d') in 0.254968 seconds 
========================================================================
Received Import Request.
  Time since last request: 731.648050 seconds.
  path: Assets/Model/mazu_scene.fbm/mazu_scene_2.jpg
  artifactKey: Guid(8634b20032eb35b4aa8999b745ae51d5) Importer(815301076,1909f56bfc062723c751e8b465ee728b)
Start importing Assets/Model/mazu_scene.fbm/mazu_scene_2.jpg using Guid(8634b20032eb35b4aa8999b745ae51d5) Importer(815301076,1909f56bfc062723c751e8b465ee728b)  -> (artifact id: '0e9eb5aed8ff371ffdac55960d0c81e0') in 0.035948 seconds 
========================================================================
Received Import Request.
  Time since last request: 0.000027 seconds.
  path: Assets/Model/mazu_scene.fbm/mazu_scene_5.png
  artifactKey: Guid(c1676d553c1287041a55836db391a08f) Importer(815301076,1909f56bfc062723c751e8b465ee728b)
Start importing Assets/Model/mazu_scene.fbm/mazu_scene_5.png using Guid(c1676d553c1287041a55836db391a08f) Importer(815301076,1909f56bfc062723c751e8b465ee728b)  -> (artifact id: '56d8998978e46f5e919635331fd5c372') in 0.019292 seconds 
========================================================================
Received Import Request.
  Time since last request: 0.000022 seconds.
  path: Assets/Model/mazu_scene.fbm/mazu_scene_3LightingMap.tga
  artifactKey: Guid(27cfb83d9df331544bd1f40cb3be850d) Importer(815301076,1909f56bfc062723c751e8b465ee728b)
Start importing Assets/Model/mazu_scene.fbm/mazu_scene_3LightingMap.tga using Guid(27cfb83d9df331544bd1f40cb3be850d) Importer(815301076,1909f56bfc062723c751e8b465ee728b)  -> (artifact id: '436269a1bbb968d2a3d15d8aa3e89401') in 0.022173 seconds 
========================================================================
Received Import Request.
  Time since last request: 6.979950 seconds.
  path: Assets/Model/Materials/bo.mat
  artifactKey: Guid(40bed0f1babba6540a5e2c6df80b05d4) Importer(815301076,1909f56bfc062723c751e8b465ee728b)
Start importing Assets/Model/Materials/bo.mat using Guid(40bed0f1babba6540a5e2c6df80b05d4) Importer(815301076,1909f56bfc062723c751e8b465ee728b)  -> (artifact id: '79a7032784b56a3dcd141183fd9d86be') in 0.082334 seconds 
========================================================================
Received Import Request.
  Time since last request: 0.000032 seconds.
  path: Assets/Model/Materials/Material #0.mat
  artifactKey: Guid(e143a7af5805ff646826f2c46fa72698) Importer(815301076,1909f56bfc062723c751e8b465ee728b)
Start importing Assets/Model/Materials/Material #0.mat using Guid(e143a7af5805ff646826f2c46fa72698) Importer(815301076,1909f56bfc062723c751e8b465ee728b)  -> (artifact id: 'cd35f70f36500daf2f2c6dc1b3d733c7') in 0.019201 seconds 
========================================================================
Received Import Request.
  Time since last request: 0.000043 seconds.
  path: Assets/Model/Materials/floor_2.mat
  artifactKey: Guid(ebab1daefeeb0ca4bbe07a4aed10d01e) Importer(815301076,1909f56bfc062723c751e8b465ee728b)
Start importing Assets/Model/Materials/floor_2.mat using Guid(ebab1daefeeb0ca4bbe07a4aed10d01e) Importer(815301076,1909f56bfc062723c751e8b465ee728b)  -> (artifact id: '85b9cec0e8286f5ccb4c75f8b8be0322') in 0.198254 seconds 
========================================================================
Received Import Request.
  Time since last request: 0.000027 seconds.
  path: Assets/Model/Materials/GOD_drum_d.mat
  artifactKey: Guid(faf8c36f7a54d284bb9e34f80ca1fd1d) Importer(815301076,1909f56bfc062723c751e8b465ee728b)
Start importing Assets/Model/Materials/GOD_drum_d.mat using Guid(faf8c36f7a54d284bb9e34f80ca1fd1d) Importer(815301076,1909f56bfc062723c751e8b465ee728b)  -> (artifact id: '1b9674a24fdef562012276b61781035a') in 0.018059 seconds 
========================================================================
Received Import Request.
  Time since last request: 0.000029 seconds.
  path: Assets/Model/Materials/mazu_scene02a.mat
  artifactKey: Guid(0cd7f849fec4b154b83663652573da9e) Importer(815301076,1909f56bfc062723c751e8b465ee728b)
Start importing Assets/Model/Materials/mazu_scene02a.mat using Guid(0cd7f849fec4b154b83663652573da9e) Importer(815301076,1909f56bfc062723c751e8b465ee728b)  -> (artifact id: '00a7bf9f1ffa43583a4b929e214647e8') in 0.092352 seconds 
========================================================================
Received Import Request.
  Time since last request: 0.000039 seconds.
  path: Assets/Model/Materials/DG_04sun_01.mat
  artifactKey: Guid(98c4350b14767ad4a9ce5cf7145afec5) Importer(815301076,1909f56bfc062723c751e8b465ee728b)
Start importing Assets/Model/Materials/DG_04sun_01.mat using Guid(98c4350b14767ad4a9ce5cf7145afec5) Importer(815301076,1909f56bfc062723c751e8b465ee728b)  -> (artifact id: '88be7d4243ce20acda667a05515a1a4e') in 0.021150 seconds 
========================================================================
Received Import Request.
  Time since last request: 0.000026 seconds.
  path: Assets/Model/Materials/mazu_scene06.mat
  artifactKey: Guid(6f8157acdf9f2944c9d257bf14303a90) Importer(815301076,1909f56bfc062723c751e8b465ee728b)
Start importing Assets/Model/Materials/mazu_scene06.mat using Guid(6f8157acdf9f2944c9d257bf14303a90) Importer(815301076,1909f56bfc062723c751e8b465ee728b)  -> (artifact id: 'c24ceae2eb491b7ea84e311fc1b6b58c') in 0.019427 seconds 
========================================================================
Received Import Request.
  Time since last request: 0.000026 seconds.
  path: Assets/Model/Materials/DG_04sun_02.mat
  artifactKey: Guid(179b4f6ffe0a1824f866c9c734cc3495) Importer(815301076,1909f56bfc062723c751e8b465ee728b)
Start importing Assets/Model/Materials/DG_04sun_02.mat using Guid(179b4f6ffe0a1824f866c9c734cc3495) Importer(815301076,1909f56bfc062723c751e8b465ee728b)  -> (artifact id: '193c803819df2d2d4e2c2781fed0ad71') in 0.026530 seconds 
========================================================================
Received Import Request.
  Time since last request: 0.000027 seconds.
  path: Assets/Model/Materials/floor.mat
  artifactKey: Guid(f2ccd00f7cf0943459ed5c6f60ff7783) Importer(815301076,1909f56bfc062723c751e8b465ee728b)
Start importing Assets/Model/Materials/floor.mat using Guid(f2ccd00f7cf0943459ed5c6f60ff7783) Importer(815301076,1909f56bfc062723c751e8b465ee728b)  -> (artifact id: '3e02e8a7b2857946aef3a0ba80cd04df') in 0.017498 seconds 
========================================================================
Received Import Request.
  Time since last request: 0.000024 seconds.
  path: Assets/Model/Materials/GOD_woman_d.mat
  artifactKey: Guid(6f03d40707612f14c8c9768e210475f2) Importer(815301076,1909f56bfc062723c751e8b465ee728b)
Start importing Assets/Model/Materials/GOD_woman_d.mat using Guid(6f03d40707612f14c8c9768e210475f2) Importer(815301076,1909f56bfc062723c751e8b465ee728b)  -> (artifact id: '8639554a06fafcf0a767f33e88729838') in 0.017737 seconds 
Editor requested this worker to shutdown with reason: Scaling down because of idle timeout
AssetImportWorker is now disconnected from the server
Process exiting
Exiting without the bug reporter. Application will terminate with return code 0